
RAxML-NG v. 1.2.0 released on 09.05.2023 by The Exelixis Lab.
Developed by: Alexey M. Kozlov and Alexandros Stamatakis.
Contributors: Diego Darriba, Tomas Flouri, Benoit Morel, Sarah Lutteropp, Ben Bettisworth, Julia Haag, Anastasis Togkousidis.
Latest version: https://github.com/amkozlov/raxml-ng
Questions/problems/suggestions? Please visit: https://groups.google.com/forum/#!forum/raxml

System: Intel(R) Core(TM) i5-8250U CPU @ 1.60GHz, 4 cores, 7 GB RAM

RAxML-NG was called at 07-Sep-2023 23:31:45 as follows:

./raxml-ng --consense MRE --tree ./input/gtree_11tax_est_5genes_R1.tre --prefix ./input/gtree_11tax_est_5genes_R1_consensus.tre

Analysis options:
  run mode: Build consensus tree (MRE)
  start tree(s): user
  random seed: 1694107905
  SIMD kernels: AVX2
  parallelization: coarse-grained (auto), PTHREADS (auto)

Reading input trees from file: ./input/gtree_11tax_est_5genes_R1.tre
Loaded 5 trees with 11 taxa.

MRE consensus tree saved to: /home/abdur-rafi/Academic/Thesis/E-WQFM/input/gtree_11tax_est_5genes_R1_consensus.tre.raxml.consensusTreeMRE

Execution log saved to: /home/abdur-rafi/Academic/Thesis/E-WQFM/input/gtree_11tax_est_5genes_R1_consensus.tre.raxml.log

Analysis started: 07-Sep-2023 23:31:45 / finished: 07-Sep-2023 23:31:45

Elapsed time: 0.021 seconds

