
RAxML-NG v. 1.2.0 released on 09.05.2023 by The Exelixis Lab.
Developed by: Alexey M. Kozlov and Alexandros Stamatakis.
Contributors: Diego Darriba, Tomas Flouri, Benoit Morel, Sarah Lutteropp, Ben Bettisworth, Julia Haag, Anastasis Togkousidis.
Latest version: https://github.com/amkozlov/raxml-ng
Questions/problems/suggestions? Please visit: https://groups.google.com/forum/#!forum/raxml

System: Intel(R) Core(TM) i5-8250U CPU @ 1.60GHz, 4 cores, 7 GB RAM

RAxML-NG was called at 22-Nov-2023 16:33:09 as follows:

./raxml-ng --consense MRE --tree ./input/200c.tre --prefix 200

Analysis options:
  run mode: Build consensus tree (MRE)
  start tree(s): user
  random seed: 1700649189
  SIMD kernels: AVX2
  parallelization: coarse-grained (auto), PTHREADS (auto)

Reading input trees from file: ./input/200c.tre
Loaded 1000 trees with 1001 taxa.

MRE consensus tree saved to: /home/abdur-rafi/Academic/Thesis/E-WQFM/200.raxml.consensusTreeMRE

Execution log saved to: /home/abdur-rafi/Academic/Thesis/E-WQFM/200.raxml.log

Analysis started: 22-Nov-2023 16:33:09 / finished: 22-Nov-2023 16:33:12

Elapsed time: 2.839 seconds

