01
taxon count : 26
Gene trees count : 1000
Comp graph nodes count : 26298
Internal nodes count : 19048
Real Taxon 0 : 1
Real Taxon 1 : 1
Real Taxon 2 : 1
Real Taxon 3 : 1
Real Taxon 4 : 0
Real Taxon 5 : 0
Real Taxon 6 : 0
Real Taxon 7 : 0
Real Taxon 8 : 0
Real Taxon 9 : 0
Real Taxon 10 : 0
Real Taxon 11 : 0
Real Taxon 12 : 0
Real Taxon 13 : 1
Real Taxon 14 : 1
Real Taxon 15 : 0
Real Taxon 16 : 0
Real Taxon 17 : 0
Real Taxon 18 : 0
Real Taxon 19 : 0
Real Taxon 20 : 0
Real Taxon 21 : 0
Real Taxon 22 : 0
Real Taxon 23 : 0
Real Taxon 24 : 1
Real Taxon 25 : 1
Level: 1
#iterations: 0
Level: 2
#iterations: 0
Level: 3
#iterations: 1
Level: 4
#iterations: 1
Level: 3
#iterations: 0
Level: 4
#iterations: 1
Level: 4
#iterations: 1
Level: 2
#iterations: 0
Level: 3
#iterations: 0
Level: 4
#iterations: 1
Level: 4
#iterations: 1
Level: 5
#iterations: 1
Level: 6
#iterations: 2
Level: 7
#iterations: 1
Level: 8
#iterations: 1
Level: 9
#iterations: 1
Level: 7
#iterations: 1
Level: 3
#iterations: 0
Level: 4
#iterations: 1
Level: 5
#iterations: 1
Level: 4
#iterations: 0
Level: 5
#iterations: 1
Level: 6
#iterations: 1

Elapsed Time taken = 32070 ms ==> 0 minutes and 32 seconds.
CPU time used: 0 minutes, 26 seconds
02
taxon count : 26
Gene trees count : 1000
Comp graph nodes count : 19140
Internal nodes count : 17257
Real Taxon 0 : 0
Real Taxon 1 : 0
Real Taxon 2 : 0
Real Taxon 3 : 0
Real Taxon 4 : 0
Real Taxon 5 : 0
Real Taxon 6 : 0
Real Taxon 7 : 0
Real Taxon 8 : 0
Real Taxon 9 : 0
Real Taxon 10 : 0
Real Taxon 11 : 0
Real Taxon 12 : 0
Real Taxon 13 : 0
Real Taxon 14 : 1
Real Taxon 15 : 1
Real Taxon 16 : 1
Real Taxon 17 : 1
Real Taxon 18 : 1
Real Taxon 19 : 1
Real Taxon 20 : 1
Real Taxon 21 : 1
Real Taxon 22 : 0
Real Taxon 23 : 0
Real Taxon 24 : 0
Real Taxon 25 : 0
Level: 1
#iterations: 0
Level: 2
#iterations: 0
Level: 3
#iterations: 1
Level: 4
#iterations: 1
Level: 5
#iterations: 1
Level: 3
#iterations: 0
Level: 4
#iterations: 0
Level: 2
#iterations: 0
Level: 3
#iterations: 0
Level: 4
#iterations: 1
Level: 5
#iterations: 1
Level: 6
#iterations: 1
Level: 7
#iterations: 1
Level: 4
#iterations: 0
Level: 5
#iterations: 1
Level: 3
#iterations: 0
Level: 4
#iterations: 0
Level: 5
#iterations: 1
Level: 5
#iterations: 1
Level: 4
#iterations: 0
Level: 5
#iterations: 1
Level: 6
#iterations: 1
Level: 5
#iterations: 1

Elapsed Time taken = 20987 ms ==> 0 minutes and 20 seconds.
CPU time used: 0 minutes, 18 seconds
03
taxon count : 26
Gene trees count : 1000
Comp graph nodes count : 27658
Internal nodes count : 20820
Real Taxon 0 : 1
Real Taxon 1 : 1
Real Taxon 2 : 1
Real Taxon 3 : 1
Real Taxon 4 : 0
Real Taxon 5 : 1
Real Taxon 6 : 0
Real Taxon 7 : 1
Real Taxon 8 : 1
Real Taxon 9 : 0
Real Taxon 10 : 0
Real Taxon 11 : 0
Real Taxon 12 : 0
Real Taxon 13 : 0
Real Taxon 14 : 1
Real Taxon 15 : 0
Real Taxon 16 : 0
Real Taxon 17 : 0
Real Taxon 18 : 1
Real Taxon 19 : 0
Real Taxon 20 : 0
Real Taxon 21 : 0
Real Taxon 22 : 0
Real Taxon 23 : 0
Real Taxon 24 : 1
Real Taxon 25 : 0
Level: 1
#iterations: 0
Level: 2
#iterations: 0
Level: 3
#iterations: 0
Level: 4
#iterations: 1
Level: 5
#iterations: 1
Level: 6
#iterations: 1
Level: 3
#iterations: 0
Level: 4
#iterations: 0
Level: 4
#iterations: 0
Level: 2
#iterations: 0
Level: 3
#iterations: 1
Level: 4
#iterations: 1
Level: 5
#iterations: 1
Level: 3
#iterations: 0
Level: 4
#iterations: 1
Level: 4
#iterations: 0
Level: 5
#iterations: 1
Level: 6
#iterations: 1
Level: 7
#iterations: 1
Level: 8
#iterations: 1
Level: 9
#iterations: 1
Level: 10
#iterations: 1
Level: 11
#iterations: 1

Elapsed Time taken = 26639 ms ==> 0 minutes and 26 seconds.
CPU time used: 0 minutes, 25 seconds
04
taxon count : 26
Gene trees count : 1000
Comp graph nodes count : 22908
Internal nodes count : 20181
Real Taxon 0 : 0
Real Taxon 1 : 0
Real Taxon 2 : 0
Real Taxon 3 : 0
Real Taxon 4 : 0
Real Taxon 5 : 0
Real Taxon 6 : 0
Real Taxon 7 : 0
Real Taxon 8 : 0
Real Taxon 9 : 0
Real Taxon 10 : 0
Real Taxon 11 : 0
Real Taxon 12 : 0
Real Taxon 13 : 0
Real Taxon 14 : 1
Real Taxon 15 : 1
Real Taxon 16 : 1
Real Taxon 17 : 1
Real Taxon 18 : 1
Real Taxon 19 : 1
Real Taxon 20 : 1
Real Taxon 21 : 1
Real Taxon 22 : 1
Real Taxon 23 : 1
Real Taxon 24 : 0
Real Taxon 25 : 0
Level: 1
#iterations: 0
Level: 2
#iterations: 0
Level: 3
#iterations: 1
Level: 4
#iterations: 1
Level: 5
#iterations: 1
Level: 6
#iterations: 1
Level: 7
#iterations: 1
Level: 8
#iterations: 1
Level: 7
#iterations: 1
Level: 2
#iterations: 0
Level: 3
#iterations: 0
Level: 4
#iterations: 1
Level: 4
#iterations: 0
Level: 5
#iterations: 1
Level: 3
#iterations: 0
Level: 4
#iterations: 0
Level: 5
#iterations: 1
Level: 5
#iterations: 1
Level: 4
#iterations: 0
Level: 5
#iterations: 1
Level: 6
#iterations: 1
Level: 7
#iterations: 1
Level: 8
#iterations: 1

Elapsed Time taken = 24693 ms ==> 0 minutes and 24 seconds.
CPU time used: 0 minutes, 23 seconds
05
taxon count : 26
Gene trees count : 1000
Comp graph nodes count : 17223
Internal nodes count : 17273
Real Taxon 0 : 1
Real Taxon 1 : 1
Real Taxon 2 : 0
Real Taxon 3 : 1
Real Taxon 4 : 0
Real Taxon 5 : 1
Real Taxon 6 : 0
Real Taxon 7 : 0
Real Taxon 8 : 0
Real Taxon 9 : 1
Real Taxon 10 : 0
Real Taxon 11 : 0
Real Taxon 12 : 1
Real Taxon 13 : 1
Real Taxon 14 : 0
Real Taxon 15 : 0
Real Taxon 16 : 0
Real Taxon 17 : 0
Real Taxon 18 : 0
Real Taxon 19 : 0
Real Taxon 20 : 0
Real Taxon 21 : 0
Real Taxon 22 : 1
Real Taxon 23 : 0
Real Taxon 24 : 0
Real Taxon 25 : 0
Level: 1
#iterations: 0
Level: 2
#iterations: 0
Level: 3
#iterations: 1
Level: 4
#iterations: 1
Level: 5
#iterations: 1
Level: 6
#iterations: 1
Level: 3
#iterations: 0
Level: 2
#iterations: 0
Level: 3
#iterations: 0
Level: 4
#iterations: 1
Level: 5
#iterations: 1
Level: 4
#iterations: 0
Level: 5
#iterations: 0
Level: 6
#iterations: 0
Level: 3
#iterations: 0
Level: 4
#iterations: 0
Level: 4
#iterations: 0
Level: 5
#iterations: 0
Level: 6
#iterations: 0
Level: 7
#iterations: 1
Level: 8
#iterations: 1
Level: 5
#iterations: 0
Level: 6
#iterations: 0

Elapsed Time taken = 21666 ms ==> 0 minutes and 21 seconds.
CPU time used: 0 minutes, 20 seconds
06
taxon count : 26
Gene trees count : 1000
Comp graph nodes count : 17407
Internal nodes count : 18630
Real Taxon 0 : 1
Real Taxon 1 : 1
Real Taxon 2 : 1
Real Taxon 3 : 1
Real Taxon 4 : 0
Real Taxon 5 : 1
Real Taxon 6 : 1
Real Taxon 7 : 1
Real Taxon 8 : 1
Real Taxon 9 : 1
Real Taxon 10 : 1
Real Taxon 11 : 1
Real Taxon 12 : 1
Real Taxon 13 : 1
Real Taxon 14 : 0
Real Taxon 15 : 0
Real Taxon 16 : 0
Real Taxon 17 : 0
Real Taxon 18 : 0
Real Taxon 19 : 0
Real Taxon 20 : 0
Real Taxon 21 : 0
Real Taxon 22 : 0
Real Taxon 23 : 0
Real Taxon 24 : 1
Real Taxon 25 : 1
Level: 1
#iterations: 0
Level: 2
#iterations: 0
Level: 3
#iterations: 1
Level: 4
#iterations: 1
Level: 5
#iterations: 1
Level: 6
#iterations: 1
Level: 7
#iterations: 1
Level: 3
#iterations: 0
Level: 4
#iterations: 1
Level: 4
#iterations: 0
Level: 5
#iterations: 1
Level: 6
#iterations: 1
Level: 5
#iterations: 1
Level: 6
#iterations: 1
Level: 2
#iterations: 0
Level: 3
#iterations: 0
Level: 4
#iterations: 1
Level: 3
#iterations: 0
Level: 4
#iterations: 1
Level: 4
#iterations: 0
Level: 5
#iterations: 0
Level: 6
#iterations: 1
Level: 6
#iterations: 0

Elapsed Time taken = 21870 ms ==> 0 minutes and 21 seconds.
CPU time used: 0 minutes, 21 seconds
07
taxon count : 26
Gene trees count : 1000
Comp graph nodes count : 25474
Internal nodes count : 19388
Real Taxon 0 : 0
Real Taxon 1 : 1
Real Taxon 2 : 1
Real Taxon 3 : 1
Real Taxon 4 : 0
Real Taxon 5 : 1
Real Taxon 6 : 0
Real Taxon 7 : 0
Real Taxon 8 : 0
Real Taxon 9 : 0
Real Taxon 10 : 0
Real Taxon 11 : 0
Real Taxon 12 : 1
Real Taxon 13 : 1
Real Taxon 14 : 1
Real Taxon 15 : 0
Real Taxon 16 : 1
Real Taxon 17 : 0
Real Taxon 18 : 0
Real Taxon 19 : 0
Real Taxon 20 : 1
Real Taxon 21 : 0
Real Taxon 22 : 1
Real Taxon 23 : 0
Real Taxon 24 : 0
Real Taxon 25 : 0
Level: 1
#iterations: 0
Level: 2
#iterations: 0
Level: 3
#iterations: 0
Level: 4
#iterations: 0
Level: 5
#iterations: 1
Level: 6
#iterations: 1
Level: 3
#iterations: 0
Level: 4
#iterations: 1
Level: 4
#iterations: 0
Level: 2
#iterations: 0
Level: 3
#iterations: 0
Level: 4
#iterations: 1
Level: 5
#iterations: 1
Level: 3
#iterations: 0
Level: 4
#iterations: 1
Level: 5
#iterations: 1
Level: 4
#iterations: 0
Level: 5
#iterations: 2
Level: 6
#iterations: 1
Level: 5
#iterations: 1
Level: 6
#iterations: 1
Level: 7
#iterations: 1
Level: 8
#iterations: 1

Elapsed Time taken = 28625 ms ==> 0 minutes and 28 seconds.
CPU time used: 0 minutes, 27 seconds
08
taxon count : 26
Gene trees count : 1000
Comp graph nodes count : 21079
Internal nodes count : 20477
Real Taxon 0 : 1
Real Taxon 1 : 1
Real Taxon 2 : 1
Real Taxon 3 : 1
Real Taxon 4 : 0
Real Taxon 5 : 0
Real Taxon 6 : 0
Real Taxon 7 : 1
Real Taxon 8 : 1
Real Taxon 9 : 1
Real Taxon 10 : 1
Real Taxon 11 : 1
Real Taxon 12 : 1
Real Taxon 13 : 1
Real Taxon 14 : 0
Real Taxon 15 : 0
Real Taxon 16 : 0
Real Taxon 17 : 0
Real Taxon 18 : 0
Real Taxon 19 : 0
Real Taxon 20 : 0
Real Taxon 21 : 0
Real Taxon 22 : 0
Real Taxon 23 : 0
Real Taxon 24 : 1
Real Taxon 25 : 1
Level: 1
#iterations: 0
Level: 2
#iterations: 0
Level: 3
#iterations: 1
Level: 3
#iterations: 0
Level: 4
#iterations: 0
Level: 5
#iterations: 0
Level: 6
#iterations: 2
Level: 7
#iterations: 1
Level: 8
#iterations: 1
Level: 9
#iterations: 1
Level: 10
#iterations: 1
Level: 11
#iterations: 1
Level: 2
#iterations: 0
Level: 3
#iterations: 1
Level: 4
#iterations: 1
Level: 5
#iterations: 1
Level: 6
#iterations: 1
Level: 7
#iterations: 1
Level: 3
#iterations: 0
Level: 4
#iterations: 1
Level: 5
#iterations: 1
Level: 6
#iterations: 1
Level: 7
#iterations: 1

Elapsed Time taken = 33622 ms ==> 0 minutes and 33 seconds.
CPU time used: 0 minutes, 32 seconds
09
taxon count : 26
Gene trees count : 1000
Comp graph nodes count : 30655
Internal nodes count : 21069
Real Taxon 0 : 1
Real Taxon 1 : 0
Real Taxon 2 : 0
Real Taxon 3 : 0
Real Taxon 4 : 0
Real Taxon 5 : 0
Real Taxon 6 : 0
Real Taxon 7 : 0
Real Taxon 8 : 0
Real Taxon 9 : 0
Real Taxon 10 : 1
Real Taxon 11 : 0
Real Taxon 12 : 0
Real Taxon 13 : 0
Real Taxon 14 : 1
Real Taxon 15 : 1
Real Taxon 16 : 1
Real Taxon 17 : 1
Real Taxon 18 : 1
Real Taxon 19 : 1
Real Taxon 20 : 1
Real Taxon 21 : 1
Real Taxon 22 : 0
Real Taxon 23 : 0
Real Taxon 24 : 1
Real Taxon 25 : 0
Level: 1
#iterations: 1
Level: 2
#iterations: 0
Level: 3
#iterations: 0
Level: 4
#iterations: 0
Level: 5
#iterations: 1
Level: 3
#iterations: 0
Level: 4
#iterations: 0
Level: 5
#iterations: 1
Level: 4
#iterations: 0
Level: 2
#iterations: 0
Level: 3
#iterations: 1
Level: 3
#iterations: 0
Level: 4
#iterations: 0
Level: 5
#iterations: 1
Level: 6
#iterations: 1
Level: 7
#iterations: 1
Level: 5
#iterations: 2
Level: 6
#iterations: 1
Level: 7
#iterations: 1
Level: 8
#iterations: 1
Level: 9
#iterations: 1
Level: 10
#iterations: 1
Level: 11
#iterations: 1

Elapsed Time taken = 34778 ms ==> 0 minutes and 34 seconds.
CPU time used: 0 minutes, 33 seconds
10
taxon count : 26
Gene trees count : 1000
Comp graph nodes count : 30655
Internal nodes count : 21989
Real Taxon 0 : 0
Real Taxon 1 : 0
Real Taxon 2 : 0
Real Taxon 3 : 0
Real Taxon 4 : 0
Real Taxon 5 : 0
Real Taxon 6 : 0
Real Taxon 7 : 0
Real Taxon 8 : 0
Real Taxon 9 : 0
Real Taxon 10 : 0
Real Taxon 11 : 0
Real Taxon 12 : 0
Real Taxon 13 : 0
Real Taxon 14 : 1
Real Taxon 15 : 1
Real Taxon 16 : 1
Real Taxon 17 : 1
Real Taxon 18 : 1
Real Taxon 19 : 1
Real Taxon 20 : 1
Real Taxon 21 : 1
Real Taxon 22 : 1
Real Taxon 23 : 0
Real Taxon 24 : 0
Real Taxon 25 : 0
Level: 1
#iterations: 0
Level: 2
#iterations: 0
Level: 3
#iterations: 1
Level: 4
#iterations: 1
Level: 5
#iterations: 1
Level: 3
#iterations: 0
Level: 4
#iterations: 0
Level: 5
#iterations: 0
Level: 2
#iterations: 0
Level: 3
#iterations: 1
Level: 4
#iterations: 2
Level: 5
#iterations: 1
Level: 6
#iterations: 2
Level: 7
#iterations: 2
Level: 8
#iterations: 1
Level: 9
#iterations: 1
Level: 10
#iterations: 2
Level: 11
#iterations: 2
Level: 12
#iterations: 1
Level: 13
#iterations: 1
Level: 14
#iterations: 1
Level: 15
#iterations: 1
Level: 16
#iterations: 1

Elapsed Time taken = 48251 ms ==> 0 minutes and 48 seconds.
CPU time used: 0 minutes, 47 seconds
11
taxon count : 26
Gene trees count : 1000
Comp graph nodes count : 18167
Internal nodes count : 17618
Real Taxon 0 : 0
Real Taxon 1 : 0
Real Taxon 2 : 0
Real Taxon 3 : 0
Real Taxon 4 : 0
Real Taxon 5 : 0
Real Taxon 6 : 0
Real Taxon 7 : 1
Real Taxon 8 : 0
Real Taxon 9 : 0
Real Taxon 10 : 1
Real Taxon 11 : 1
Real Taxon 12 : 0
Real Taxon 13 : 0
Real Taxon 14 : 0
Real Taxon 15 : 1
Real Taxon 16 : 1
Real Taxon 17 : 1
Real Taxon 18 : 1
Real Taxon 19 : 1
Real Taxon 20 : 0
Real Taxon 21 : 1
Real Taxon 22 : 1
Real Taxon 23 : 1
Real Taxon 24 : 0
Real Taxon 25 : 0
Level: 1
#iterations: 0
Level: 2
#iterations: 0
Level: 3
#iterations: 1
Level: 3
#iterations: 0
Level: 4
#iterations: 0
Level: 5
#iterations: 1
Level: 6
#iterations: 1
Level: 7
#iterations: 1
Level: 4
#iterations: 1
Level: 5
#iterations: 1
Level: 2
#iterations: 0
Level: 3
#iterations: 0
Level: 4
#iterations: 0
Level: 5
#iterations: 0
Level: 4
#iterations: 0
Level: 5
#iterations: 1
Level: 5
#iterations: 0
Level: 6
#iterations: 0
Level: 3
#iterations: 0
Level: 4
#iterations: 1
Level: 5
#iterations: 1
Level: 6
#iterations: 1
Level: 7
#iterations: 1

Elapsed Time taken = 19117 ms ==> 0 minutes and 19 seconds.
CPU time used: 0 minutes, 18 seconds
12
taxon count : 26
Gene trees count : 1000
Comp graph nodes count : 21787
Internal nodes count : 20592
Real Taxon 0 : 0
Real Taxon 1 : 0
Real Taxon 2 : 0
Real Taxon 3 : 0
Real Taxon 4 : 1
Real Taxon 5 : 1
Real Taxon 6 : 1
Real Taxon 7 : 1
Real Taxon 8 : 1
Real Taxon 9 : 0
Real Taxon 10 : 0
Real Taxon 11 : 0
Real Taxon 12 : 0
Real Taxon 13 : 0
Real Taxon 14 : 0
Real Taxon 15 : 1
Real Taxon 16 : 1
Real Taxon 17 : 1
Real Taxon 18 : 1
Real Taxon 19 : 1
Real Taxon 20 : 1
Real Taxon 21 : 1
Real Taxon 22 : 1
Real Taxon 23 : 1
Real Taxon 24 : 0
Real Taxon 25 : 0
Level: 1
#iterations: 0
Level: 2
#iterations: 0
Level: 3
#iterations: 0
Level: 4
#iterations: 1
Level: 4
#iterations: 0
Level: 5
#iterations: 1
Level: 3
#iterations: 0
Level: 4
#iterations: 1
Level: 4
#iterations: 0
Level: 5
#iterations: 1
Level: 6
#iterations: 1
Level: 7
#iterations: 1
Level: 8
#iterations: 1
Level: 2
#iterations: 0
Level: 3
#iterations: 1
Level: 4
#iterations: 1
Level: 3
#iterations: 0
Level: 4
#iterations: 0
Level: 5
#iterations: 0
Level: 6
#iterations: 1
Level: 7
#iterations: 1
Level: 8
#iterations: 1
Level: 5
#iterations: 0

Elapsed Time taken = 25023 ms ==> 0 minutes and 25 seconds.
CPU time used: 0 minutes, 24 seconds
13
taxon count : 26
Gene trees count : 1000
Comp graph nodes count : 19602
Internal nodes count : 18661
Real Taxon 0 : 0
Real Taxon 1 : 0
Real Taxon 2 : 0
Real Taxon 3 : 0
Real Taxon 4 : 0
Real Taxon 5 : 0
Real Taxon 6 : 0
Real Taxon 7 : 0
Real Taxon 8 : 0
Real Taxon 9 : 0
Real Taxon 10 : 0
Real Taxon 11 : 0
Real Taxon 12 : 0
Real Taxon 13 : 0
Real Taxon 14 : 1
Real Taxon 15 : 1
Real Taxon 16 : 1
Real Taxon 17 : 1
Real Taxon 18 : 1
Real Taxon 19 : 1
Real Taxon 20 : 1
Real Taxon 21 : 1
Real Taxon 22 : 0
Real Taxon 23 : 0
Real Taxon 24 : 0
Real Taxon 25 : 0
Level: 1
#iterations: 0
Level: 2
#iterations: 0
Level: 3
#iterations: 1
Level: 3
#iterations: 0
Level: 4
#iterations: 1
Level: 5
#iterations: 1
Level: 6
#iterations: 1
Level: 2
#iterations: 0
Level: 3
#iterations: 1
Level: 4
#iterations: 1
Level: 5
#iterations: 1
Level: 6
#iterations: 1
Level: 7
#iterations: 1
Level: 8
#iterations: 1
Level: 9
#iterations: 1
Level: 3
#iterations: 0
Level: 4
#iterations: 1
Level: 5
#iterations: 1
Level: 4
#iterations: 0
Level: 5
#iterations: 1
Level: 5
#iterations: 0
Level: 6
#iterations: 1
Level: 7
#iterations: 1

Elapsed Time taken = 21262 ms ==> 0 minutes and 21 seconds.
CPU time used: 0 minutes, 20 seconds
14
taxon count : 26
Gene trees count : 1000
Comp graph nodes count : 18904
Internal nodes count : 17407
Real Taxon 0 : 0
Real Taxon 1 : 0
Real Taxon 2 : 0
Real Taxon 3 : 0
Real Taxon 4 : 1
Real Taxon 5 : 0
Real Taxon 6 : 1
Real Taxon 7 : 1
Real Taxon 8 : 0
Real Taxon 9 : 1
Real Taxon 10 : 0
Real Taxon 11 : 1
Real Taxon 12 : 1
Real Taxon 13 : 0
Real Taxon 14 : 0
Real Taxon 15 : 0
Real Taxon 16 : 0
Real Taxon 17 : 1
Real Taxon 18 : 0
Real Taxon 19 : 1
Real Taxon 20 : 0
Real Taxon 21 : 1
Real Taxon 22 : 0
Real Taxon 23 : 1
Real Taxon 24 : 1
Real Taxon 25 : 0
Level: 1
#iterations: 0
Level: 2
#iterations: 0
Level: 3
#iterations: 0
Level: 4
#iterations: 1
Level: 5
#iterations: 1
Level: 4
#iterations: 0
Level: 5
#iterations: 1
Level: 6
#iterations: 1
Level: 3
#iterations: 0
Level: 4
#iterations: 1
Level: 2
#iterations: 0
Level: 3
#iterations: 0
Level: 4
#iterations: 0
Level: 5
#iterations: 1
Level: 3
#iterations: 0
Level: 4
#iterations: 0
Level: 5
#iterations: 1
Level: 5
#iterations: 0
Level: 6
#iterations: 1
Level: 4
#iterations: 0
Level: 5
#iterations: 1
Level: 6
#iterations: 1
Level: 6
#iterations: 1

Elapsed Time taken = 16316 ms ==> 0 minutes and 16 seconds.
CPU time used: 0 minutes, 15 seconds
15
taxon count : 26
Gene trees count : 1000
Comp graph nodes count : 16772
Internal nodes count : 18825
Real Taxon 0 : 1
Real Taxon 1 : 0
Real Taxon 2 : 1
Real Taxon 3 : 1
Real Taxon 4 : 0
Real Taxon 5 : 0
Real Taxon 6 : 1
Real Taxon 7 : 0
Real Taxon 8 : 0
Real Taxon 9 : 1
Real Taxon 10 : 1
Real Taxon 11 : 1
Real Taxon 12 : 1
Real Taxon 13 : 1
Real Taxon 14 : 0
Real Taxon 15 : 0
Real Taxon 16 : 0
Real Taxon 17 : 0
Real Taxon 18 : 0
Real Taxon 19 : 0
Real Taxon 20 : 0
Real Taxon 21 : 0
Real Taxon 22 : 0
Real Taxon 23 : 0
Real Taxon 24 : 1
Real Taxon 25 : 1
Level: 1
#iterations: 0
Level: 2
#iterations: 0
Level: 3
#iterations: 1
Level: 4
#iterations: 1
Level: 5
#iterations: 2
Level: 6
#iterations: 1
Level: 7
#iterations: 1
Level: 8
#iterations: 1
Level: 3
#iterations: 0
Level: 4
#iterations: 1
Level: 2
#iterations: 0
Level: 3
#iterations: 0
Level: 4
#iterations: 0
Level: 5
#iterations: 1
Level: 4
#iterations: 0
Level: 5
#iterations: 1
Level: 5
#iterations: 0
Level: 6
#iterations: 1
Level: 6
#iterations: 1
Level: 3
#iterations: 0
Level: 4
#iterations: 0
Level: 5
#iterations: 0
Level: 4
#iterations: 1

Elapsed Time taken = 17494 ms ==> 0 minutes and 17 seconds.
CPU time used: 0 minutes, 16 seconds
16
taxon count : 26
Gene trees count : 1000
Comp graph nodes count : 34134
Internal nodes count : 22382
Real Taxon 0 : 1
Real Taxon 1 : 0
Real Taxon 2 : 0
Real Taxon 3 : 1
Real Taxon 4 : 1
Real Taxon 5 : 0
Real Taxon 6 : 0
Real Taxon 7 : 0
Real Taxon 8 : 1
Real Taxon 9 : 1
Real Taxon 10 : 1
Real Taxon 11 : 0
Real Taxon 12 : 1
Real Taxon 13 : 1
Real Taxon 14 : 0
Real Taxon 15 : 0
Real Taxon 16 : 0
Real Taxon 17 : 0
Real Taxon 18 : 0
Real Taxon 19 : 0
Real Taxon 20 : 1
Real Taxon 21 : 1
Real Taxon 22 : 0
Real Taxon 23 : 1
Real Taxon 24 : 0
Real Taxon 25 : 0
Level: 1
#iterations: 0
Level: 2
#iterations: 0
Level: 3
#iterations: 0
Level: 4
#iterations: 1
Level: 5
#iterations: 1
Level: 3
#iterations: 1
Level: 4
#iterations: 1
Level: 5
#iterations: 1
Level: 6
#iterations: 1
Level: 7
#iterations: 1
Level: 2
#iterations: 0
Level: 3
#iterations: 1
Level: 4
#iterations: 1
Level: 5
#iterations: 1
Level: 3
#iterations: 0
Level: 4
#iterations: 0
Level: 5
#iterations: 1
Level: 6
#iterations: 1
Level: 5
#iterations: 0
Level: 6
#iterations: 1
Level: 7
#iterations: 1
Level: 8
#iterations: 1
Level: 9
#iterations: 1

Elapsed Time taken = 28302 ms ==> 0 minutes and 28 seconds.
CPU time used: 0 minutes, 27 seconds
17
taxon count : 26
Gene trees count : 1000
Comp graph nodes count : 24040
Internal nodes count : 20268
Real Taxon 0 : 0
Real Taxon 1 : 1
Real Taxon 2 : 1
Real Taxon 3 : 0
Real Taxon 4 : 0
Real Taxon 5 : 1
Real Taxon 6 : 1
Real Taxon 7 : 1
Real Taxon 8 : 1
Real Taxon 9 : 0
Real Taxon 10 : 1
Real Taxon 11 : 0
Real Taxon 12 : 0
Real Taxon 13 : 0
Real Taxon 14 : 0
Real Taxon 15 : 1
Real Taxon 16 : 1
Real Taxon 17 : 1
Real Taxon 18 : 0
Real Taxon 19 : 0
Real Taxon 20 : 0
Real Taxon 21 : 0
Real Taxon 22 : 0
Real Taxon 23 : 1
Real Taxon 24 : 0
Real Taxon 25 : 1
Level: 1
#iterations: 0
Level: 2
#iterations: 0
Level: 3
#iterations: 1
Level: 4
#iterations: 1
Level: 3
#iterations: 0
Level: 4
#iterations: 1
Level: 4
#iterations: 0
Level: 5
#iterations: 2
Level: 6
#iterations: 1
Level: 7
#iterations: 1
Level: 8
#iterations: 1
Level: 2
#iterations: 0
Level: 3
#iterations: 1
Level: 4
#iterations: 1
Level: 5
#iterations: 1
Level: 3
#iterations: 0
Level: 4
#iterations: 0
Level: 5
#iterations: 1
Level: 6
#iterations: 1
Level: 4
#iterations: 0
Level: 5
#iterations: 1
Level: 5
#iterations: 0
Level: 6
#iterations: 1

Elapsed Time taken = 21733 ms ==> 0 minutes and 21 seconds.
CPU time used: 0 minutes, 21 seconds
18
taxon count : 26
Gene trees count : 1000
Comp graph nodes count : 20252
Internal nodes count : 20039
Real Taxon 0 : 0
Real Taxon 1 : 0
Real Taxon 2 : 0
Real Taxon 3 : 0
Real Taxon 4 : 1
Real Taxon 5 : 1
Real Taxon 6 : 1
Real Taxon 7 : 1
Real Taxon 8 : 1
Real Taxon 9 : 0
Real Taxon 10 : 0
Real Taxon 11 : 0
Real Taxon 12 : 0
Real Taxon 13 : 0
Real Taxon 14 : 0
Real Taxon 15 : 1
Real Taxon 16 : 1
Real Taxon 17 : 1
Real Taxon 18 : 1
Real Taxon 19 : 1
Real Taxon 20 : 1
Real Taxon 21 : 1
Real Taxon 22 : 1
Real Taxon 23 : 1
Real Taxon 24 : 0
Real Taxon 25 : 0
Level: 1
#iterations: 0
Level: 2
#iterations: 0
Level: 3
#iterations: 0
Level: 4
#iterations: 1
Level: 4
#iterations: 0
Level: 5
#iterations: 0
Level: 6
#iterations: 1
Level: 6
#iterations: 1
Level: 7
#iterations: 1
Level: 8
#iterations: 1
Level: 9
#iterations: 1
Level: 3
#iterations: 0
Level: 4
#iterations: 1
Level: 2
#iterations: 0
Level: 3
#iterations: 1
Level: 4
#iterations: 1
Level: 5
#iterations: 1
Level: 3
#iterations: 0
Level: 4
#iterations: 1
Level: 4
#iterations: 0
Level: 5
#iterations: 0
Level: 6
#iterations: 1
Level: 7
#iterations: 1

Elapsed Time taken = 19710 ms ==> 0 minutes and 19 seconds.
CPU time used: 0 minutes, 19 seconds
19
taxon count : 26
Gene trees count : 1000
Comp graph nodes count : 20182
Internal nodes count : 18680
Real Taxon 0 : 0
Real Taxon 1 : 0
Real Taxon 2 : 1
Real Taxon 3 : 1
Real Taxon 4 : 0
Real Taxon 5 : 0
Real Taxon 6 : 1
Real Taxon 7 : 1
Real Taxon 8 : 1
Real Taxon 9 : 1
Real Taxon 10 : 0
Real Taxon 11 : 1
Real Taxon 12 : 1
Real Taxon 13 : 1
Real Taxon 14 : 0
Real Taxon 15 : 0
Real Taxon 16 : 0
Real Taxon 17 : 0
Real Taxon 18 : 0
Real Taxon 19 : 0
Real Taxon 20 : 1
Real Taxon 21 : 0
Real Taxon 22 : 1
Real Taxon 23 : 1
Real Taxon 24 : 1
Real Taxon 25 : 1
Level: 1
#iterations: 0
Level: 2
#iterations: 0
Level: 3
#iterations: 2
Level: 4
#iterations: 1
Level: 5
#iterations: 1
Level: 6
#iterations: 1
Level: 7
#iterations: 1
Level: 3
#iterations: 0
Level: 4
#iterations: 1
Level: 5
#iterations: 1
Level: 6
#iterations: 1
Level: 5
#iterations: 1
Level: 6
#iterations: 1
Level: 2
#iterations: 0
Level: 3
#iterations: 0
Level: 4
#iterations: 1
Level: 5
#iterations: 1
Level: 6
#iterations: 1
Level: 7
#iterations: 1
Level: 5
#iterations: 1
Level: 3
#iterations: 0
Level: 4
#iterations: 0
Level: 4
#iterations: 1

Elapsed Time taken = 19686 ms ==> 0 minutes and 19 seconds.
CPU time used: 0 minutes, 19 seconds
20
taxon count : 26
Gene trees count : 1000
Comp graph nodes count : 20455
Internal nodes count : 19058
Real Taxon 0 : 0
Real Taxon 1 : 0
Real Taxon 2 : 0
Real Taxon 3 : 0
Real Taxon 4 : 1
Real Taxon 5 : 0
Real Taxon 6 : 1
Real Taxon 7 : 1
Real Taxon 8 : 0
Real Taxon 9 : 0
Real Taxon 10 : 0
Real Taxon 11 : 1
Real Taxon 12 : 1
Real Taxon 13 : 0
Real Taxon 14 : 0
Real Taxon 15 : 0
Real Taxon 16 : 1
Real Taxon 17 : 1
Real Taxon 18 : 0
Real Taxon 19 : 1
Real Taxon 20 : 1
Real Taxon 21 : 0
Real Taxon 22 : 1
Real Taxon 23 : 1
Real Taxon 24 : 0
Real Taxon 25 : 0
Level: 1
#iterations: 0
Level: 2
#iterations: 0
Level: 3
#iterations: 1
Level: 4
#iterations: 1
Level: 3
#iterations: 0
Level: 4
#iterations: 1
Level: 5
#iterations: 2
Level: 6
#iterations: 1
Level: 7
#iterations: 1
Level: 8
#iterations: 1
Level: 2
#iterations: 0
Level: 3
#iterations: 0
Level: 4
#iterations: 0
Level: 5
#iterations: 1
Level: 5
#iterations: 1
Level: 4
#iterations: 1
Level: 3
#iterations: 0
Level: 4
#iterations: 1
Level: 5
#iterations: 1
Level: 6
#iterations: 1
Level: 4
#iterations: 0
Level: 5
#iterations: 0
Level: 6
#iterations: 1

Elapsed Time taken = 19730 ms ==> 0 minutes and 19 seconds.
CPU time used: 0 minutes, 19 seconds
21
taxon count : 26
Gene trees count : 1000
Comp graph nodes count : 22195
Internal nodes count : 22610
Real Taxon 0 : 0
Real Taxon 1 : 0
Real Taxon 2 : 0
Real Taxon 3 : 0
Real Taxon 4 : 1
Real Taxon 5 : 1
Real Taxon 6 : 1
Real Taxon 7 : 1
Real Taxon 8 : 0
Real Taxon 9 : 0
Real Taxon 10 : 0
Real Taxon 11 : 0
Real Taxon 12 : 0
Real Taxon 13 : 0
Real Taxon 14 : 0
Real Taxon 15 : 1
Real Taxon 16 : 1
Real Taxon 17 : 1
Real Taxon 18 : 1
Real Taxon 19 : 1
Real Taxon 20 : 1
Real Taxon 21 : 1
Real Taxon 22 : 1
Real Taxon 23 : 1
Real Taxon 24 : 0
Real Taxon 25 : 0
Level: 1
#iterations: 0
Level: 2
#iterations: 0
Level: 3
#iterations: 0
Level: 4
#iterations: 2
Level: 5
#iterations: 1
Level: 6
#iterations: 1
Level: 7
#iterations: 1
Level: 4
#iterations: 1
Level: 5
#iterations: 1
Level: 6
#iterations: 1
Level: 3
#iterations: 1
Level: 4
#iterations: 1
Level: 2
#iterations: 0
Level: 3
#iterations: 0
Level: 4
#iterations: 1
Level: 4
#iterations: 1
Level: 5
#iterations: 1
Level: 6
#iterations: 1
Level: 3
#iterations: 0
Level: 4
#iterations: 1
Level: 4
#iterations: 0
Level: 5
#iterations: 1
Level: 5
#iterations: 0

Elapsed Time taken = 21896 ms ==> 0 minutes and 21 seconds.
CPU time used: 0 minutes, 21 seconds
22
taxon count : 26
Gene trees count : 1000
Comp graph nodes count : 24496
Internal nodes count : 20188
Real Taxon 0 : 0
Real Taxon 1 : 0
Real Taxon 2 : 0
Real Taxon 3 : 0
Real Taxon 4 : 0
Real Taxon 5 : 0
Real Taxon 6 : 0
Real Taxon 7 : 0
Real Taxon 8 : 0
Real Taxon 9 : 0
Real Taxon 10 : 0
Real Taxon 11 : 0
Real Taxon 12 : 0
Real Taxon 13 : 0
Real Taxon 14 : 1
Real Taxon 15 : 1
Real Taxon 16 : 1
Real Taxon 17 : 1
Real Taxon 18 : 1
Real Taxon 19 : 1
Real Taxon 20 : 1
Real Taxon 21 : 1
Real Taxon 22 : 0
Real Taxon 23 : 0
Real Taxon 24 : 0
Real Taxon 25 : 0
Level: 1
#iterations: 0
Level: 2
#iterations: 0
Level: 3
#iterations: 0
Level: 4
#iterations: 1
Level: 4
#iterations: 1
Level: 5
#iterations: 1
Level: 3
#iterations: 0
Level: 2
#iterations: 0
Level: 3
#iterations: 0
Level: 4
#iterations: 0
Level: 5
#iterations: 1
Level: 6
#iterations: 1
Level: 4
#iterations: 0
Level: 5
#iterations: 1
Level: 6
#iterations: 1
Level: 7
#iterations: 1
Level: 3
#iterations: 0
Level: 4
#iterations: 0
Level: 5
#iterations: 1
Level: 4
#iterations: 0
Level: 5
#iterations: 1
Level: 6
#iterations: 1
Level: 5
#iterations: 1

Elapsed Time taken = 19581 ms ==> 0 minutes and 19 seconds.
CPU time used: 0 minutes, 18 seconds
23
taxon count : 26
Gene trees count : 1000
Comp graph nodes count : 23316
Internal nodes count : 20068
Real Taxon 0 : 1
Real Taxon 1 : 1
Real Taxon 2 : 0
Real Taxon 3 : 1
Real Taxon 4 : 1
Real Taxon 5 : 1
Real Taxon 6 : 1
Real Taxon 7 : 1
Real Taxon 8 : 1
Real Taxon 9 : 0
Real Taxon 10 : 1
Real Taxon 11 : 0
Real Taxon 12 : 1
Real Taxon 13 : 0
Real Taxon 14 : 0
Real Taxon 15 : 0
Real Taxon 16 : 0
Real Taxon 17 : 0
Real Taxon 18 : 0
Real Taxon 19 : 0
Real Taxon 20 : 0
Real Taxon 21 : 0
Real Taxon 22 : 1
Real Taxon 23 : 1
Real Taxon 24 : 1
Real Taxon 25 : 1
Level: 1
#iterations: 0
Level: 2
#iterations: 0
Level: 3
#iterations: 1
Level: 4
#iterations: 1
Level: 3
#iterations: 0
Level: 4
#iterations: 0
Level: 5
#iterations: 1
Level: 6
#iterations: 1
Level: 7
#iterations: 1
Level: 8
#iterations: 1
Level: 9
#iterations: 1
Level: 10
#iterations: 1
Level: 11
#iterations: 1
Level: 2
#iterations: 0
Level: 3
#iterations: 0
Level: 4
#iterations: 1
Level: 4
#iterations: 0
Level: 5
#iterations: 1
Level: 6
#iterations: 1
Level: 3
#iterations: 0
Level: 4
#iterations: 0
Level: 4
#iterations: 0
Level: 5
#iterations: 1

Elapsed Time taken = 23018 ms ==> 0 minutes and 23 seconds.
CPU time used: 0 minutes, 21 seconds
24
taxon count : 26
Gene trees count : 1000
Comp graph nodes count : 27092
Internal nodes count : 21303
Real Taxon 0 : 1
Real Taxon 1 : 1
Real Taxon 2 : 1
Real Taxon 3 : 1
Real Taxon 4 : 0
Real Taxon 5 : 0
Real Taxon 6 : 0
Real Taxon 7 : 1
Real Taxon 8 : 0
Real Taxon 9 : 0
Real Taxon 10 : 0
Real Taxon 11 : 0
Real Taxon 12 : 0
Real Taxon 13 : 1
Real Taxon 14 : 1
Real Taxon 15 : 0
Real Taxon 16 : 0
Real Taxon 17 : 0
Real Taxon 18 : 0
Real Taxon 19 : 0
Real Taxon 20 : 0
Real Taxon 21 : 0
Real Taxon 22 : 0
Real Taxon 23 : 0
Real Taxon 24 : 1
Real Taxon 25 : 1
Level: 1
#iterations: 0
Level: 2
#iterations: 0
Level: 3
#iterations: 0
Level: 4
#iterations: 0
Level: 5
#iterations: 1
Level: 6
#iterations: 1
Level: 4
#iterations: 0
Level: 3
#iterations: 0
Level: 2
#iterations: 0
Level: 3
#iterations: 0
Level: 4
#iterations: 1
Level: 5
#iterations: 1
Level: 6
#iterations: 1
Level: 7
#iterations: 1
Level: 3
#iterations: 0
Level: 4
#iterations: 1
Level: 5
#iterations: 1
Level: 6
#iterations: 1
Level: 4
#iterations: 1
Level: 5
#iterations: 1
Level: 5
#iterations: 1
Level: 6
#iterations: 1
Level: 7
#iterations: 1

Elapsed Time taken = 23392 ms ==> 0 minutes and 23 seconds.
CPU time used: 0 minutes, 22 seconds
25
taxon count : 26
Gene trees count : 1000
Comp graph nodes count : 21995
Internal nodes count : 19476
Real Taxon 0 : 0
Real Taxon 1 : 0
Real Taxon 2 : 0
Real Taxon 3 : 0
Real Taxon 4 : 0
Real Taxon 5 : 0
Real Taxon 6 : 0
Real Taxon 7 : 1
Real Taxon 8 : 1
Real Taxon 9 : 0
Real Taxon 10 : 1
Real Taxon 11 : 1
Real Taxon 12 : 0
Real Taxon 13 : 1
Real Taxon 14 : 0
Real Taxon 15 : 0
Real Taxon 16 : 1
Real Taxon 17 : 1
Real Taxon 18 : 0
Real Taxon 19 : 1
Real Taxon 20 : 0
Real Taxon 21 : 0
Real Taxon 22 : 0
Real Taxon 23 : 0
Real Taxon 24 : 1
Real Taxon 25 : 0
Level: 1
#iterations: 0
Level: 2
#iterations: 2
Level: 3
#iterations: 1
Level: 4
#iterations: 1
Level: 5
#iterations: 1
Level: 6
#iterations: 1
Level: 7
#iterations: 2
Level: 8
#iterations: 1
Level: 2
#iterations: 0
Level: 3
#iterations: 0
Level: 4
#iterations: 0
Level: 5
#iterations: 1
Level: 6
#iterations: 1
Level: 7
#iterations: 1
Level: 8
#iterations: 1
Level: 9
#iterations: 1
Level: 3
#iterations: 0
Level: 4
#iterations: 1
Level: 4
#iterations: 0
Level: 5
#iterations: 1
Level: 6
#iterations: 1
Level: 5
#iterations: 0
Level: 6
#iterations: 1

Elapsed Time taken = 23319 ms ==> 0 minutes and 23 seconds.
CPU time used: 0 minutes, 22 seconds
26
taxon count : 26
Gene trees count : 1000
Comp graph nodes count : 14603
Internal nodes count : 16594
Real Taxon 0 : 0
Real Taxon 1 : 0
Real Taxon 2 : 0
Real Taxon 3 : 0
Real Taxon 4 : 1
Real Taxon 5 : 1
Real Taxon 6 : 1
Real Taxon 7 : 0
Real Taxon 8 : 0
Real Taxon 9 : 0
Real Taxon 10 : 0
Real Taxon 11 : 0
Real Taxon 12 : 0
Real Taxon 13 : 0
Real Taxon 14 : 0
Real Taxon 15 : 1
Real Taxon 16 : 1
Real Taxon 17 : 1
Real Taxon 18 : 1
Real Taxon 19 : 1
Real Taxon 20 : 1
Real Taxon 21 : 1
Real Taxon 22 : 1
Real Taxon 23 : 1
Real Taxon 24 : 0
Real Taxon 25 : 0
Level: 1
#iterations: 0
Level: 2
#iterations: 0
Level: 3
#iterations: 1
Level: 3
#iterations: 0
Level: 4
#iterations: 0
Level: 5
#iterations: 1
Level: 6
#iterations: 1
Level: 5
#iterations: 1
Level: 6
#iterations: 1
Level: 7
#iterations: 1
Level: 8
#iterations: 1
Level: 2
#iterations: 0
Level: 3
#iterations: 1
Level: 4
#iterations: 1
Level: 5
#iterations: 1
Level: 3
#iterations: 0
Level: 4
#iterations: 0
Level: 5
#iterations: 1
Level: 6
#iterations: 1
Level: 4
#iterations: 0
Level: 5
#iterations: 1
Level: 5
#iterations: 0
Level: 6
#iterations: 1

Elapsed Time taken = 15742 ms ==> 0 minutes and 15 seconds.
CPU time used: 0 minutes, 15 seconds
27
taxon count : 26
Gene trees count : 1000
Comp graph nodes count : 19395
Internal nodes count : 19789
Real Taxon 0 : 0
Real Taxon 1 : 0
Real Taxon 2 : 0
Real Taxon 3 : 0
Real Taxon 4 : 0
Real Taxon 5 : 0
Real Taxon 6 : 0
Real Taxon 7 : 0
Real Taxon 8 : 0
Real Taxon 9 : 0
Real Taxon 10 : 0
Real Taxon 11 : 0
Real Taxon 12 : 0
Real Taxon 13 : 0
Real Taxon 14 : 0
Real Taxon 15 : 1
Real Taxon 16 : 1
Real Taxon 17 : 1
Real Taxon 18 : 1
Real Taxon 19 : 1
Real Taxon 20 : 1
Real Taxon 21 : 1
Real Taxon 22 : 1
Real Taxon 23 : 1
Real Taxon 24 : 0
Real Taxon 25 : 0
Level: 1
#iterations: 0
Level: 2
#iterations: 0
Level: 3
#iterations: 1
Level: 4
#iterations: 1
Level: 5
#iterations: 2
Level: 6
#iterations: 1
Level: 7
#iterations: 1
Level: 3
#iterations: 0
Level: 2
#iterations: 0
Level: 3
#iterations: 0
Level: 4
#iterations: 1
Level: 5
#iterations: 1
Level: 6
#iterations: 1
Level: 7
#iterations: 1
Level: 6
#iterations: 1
Level: 7
#iterations: 1
Level: 4
#iterations: 0
Level: 5
#iterations: 0
Level: 6
#iterations: 1
Level: 7
#iterations: 1
Level: 3
#iterations: 0
Level: 4
#iterations: 1
Level: 4
#iterations: 0

Elapsed Time taken = 19135 ms ==> 0 minutes and 19 seconds.
CPU time used: 0 minutes, 18 seconds
28
taxon count : 26
Gene trees count : 1000
Comp graph nodes count : 27158
Internal nodes count : 18847
Real Taxon 0 : 1
Real Taxon 1 : 0
Real Taxon 2 : 0
Real Taxon 3 : 1
Real Taxon 4 : 1
Real Taxon 5 : 0
Real Taxon 6 : 1
Real Taxon 7 : 0
Real Taxon 8 : 0
Real Taxon 9 : 0
Real Taxon 10 : 0
Real Taxon 11 : 0
Real Taxon 12 : 0
Real Taxon 13 : 1
Real Taxon 14 : 0
Real Taxon 15 : 0
Real Taxon 16 : 0
Real Taxon 17 : 0
Real Taxon 18 : 0
Real Taxon 19 : 1
Real Taxon 20 : 0
Real Taxon 21 : 0
Real Taxon 22 : 0
Real Taxon 23 : 0
Real Taxon 24 : 1
Real Taxon 25 : 0
Level: 1
#iterations: 0
Level: 2
#iterations: 0
Level: 3
#iterations: 1
Level: 4
#iterations: 1
Level: 5
#iterations: 1
Level: 3
#iterations: 1
Level: 2
#iterations: 0
Level: 3
#iterations: 0
Level: 4
#iterations: 1
Level: 3
#iterations: 0
Level: 4
#iterations: 1
Level: 4
#iterations: 0
Level: 5
#iterations: 1
Level: 5
#iterations: 0
Level: 6
#iterations: 0
Level: 7
#iterations: 1
Level: 8
#iterations: 1
Level: 6
#iterations: 0
Level: 7
#iterations: 2
Level: 8
#iterations: 1
Level: 9
#iterations: 1
Level: 10
#iterations: 1
Level: 11
#iterations: 1

Elapsed Time taken = 25246 ms ==> 0 minutes and 25 seconds.
CPU time used: 0 minutes, 24 seconds
29
taxon count : 26
Gene trees count : 1000
Comp graph nodes count : 15068
Internal nodes count : 17303
Real Taxon 0 : 1
Real Taxon 1 : 1
Real Taxon 2 : 1
Real Taxon 3 : 1
Real Taxon 4 : 0
Real Taxon 5 : 0
Real Taxon 6 : 0
Real Taxon 7 : 0
Real Taxon 8 : 0
Real Taxon 9 : 0
Real Taxon 10 : 0
Real Taxon 11 : 0
Real Taxon 12 : 1
Real Taxon 13 : 1
Real Taxon 14 : 0
Real Taxon 15 : 0
Real Taxon 16 : 0
Real Taxon 17 : 0
Real Taxon 18 : 0
Real Taxon 19 : 0
Real Taxon 20 : 0
Real Taxon 21 : 0
Real Taxon 22 : 0
Real Taxon 23 : 0
Real Taxon 24 : 1
Real Taxon 25 : 1
Level: 1
#iterations: 0
Level: 2
#iterations: 1
Level: 3
#iterations: 1
Level: 4
#iterations: 1
Level: 5
#iterations: 1
Level: 5
#iterations: 1
Level: 6
#iterations: 1
Level: 2
#iterations: 0
Level: 3
#iterations: 0
Level: 4
#iterations: 0
Level: 5
#iterations: 1
Level: 6
#iterations: 1
Level: 7
#iterations: 1
Level: 8
#iterations: 1
Level: 3
#iterations: 0
Level: 4
#iterations: 0
Level: 5
#iterations: 1
Level: 5
#iterations: 0
Level: 4
#iterations: 0
Level: 5
#iterations: 1
Level: 5
#iterations: 0
Level: 6
#iterations: 0
Level: 7
#iterations: 1

Elapsed Time taken = 16676 ms ==> 0 minutes and 16 seconds.
CPU time used: 0 minutes, 16 seconds
30
taxon count : 26
Gene trees count : 1000
Comp graph nodes count : 15082
Internal nodes count : 17303
Real Taxon 0 : 0
Real Taxon 1 : 0
Real Taxon 2 : 0
Real Taxon 3 : 0
Real Taxon 4 : 1
Real Taxon 5 : 1
Real Taxon 6 : 1
Real Taxon 7 : 1
Real Taxon 8 : 0
Real Taxon 9 : 0
Real Taxon 10 : 0
Real Taxon 11 : 0
Real Taxon 12 : 0
Real Taxon 13 : 0
Real Taxon 14 : 0
Real Taxon 15 : 1
Real Taxon 16 : 1
Real Taxon 17 : 1
Real Taxon 18 : 1
Real Taxon 19 : 1
Real Taxon 20 : 1
Real Taxon 21 : 1
Real Taxon 22 : 1
Real Taxon 23 : 1
Real Taxon 24 : 0
Real Taxon 25 : 0
Level: 1
#iterations: 0
Level: 2
#iterations: 0
Level: 3
#iterations: 1
Level: 4
#iterations: 1
Level: 5
#iterations: 1
Level: 6
#iterations: 1
Level: 7
#iterations: 1
Level: 3
#iterations: 0
Level: 4
#iterations: 0
Level: 5
#iterations: 1
Level: 6
#iterations: 1
Level: 4
#iterations: 1
Level: 2
#iterations: 0
Level: 3
#iterations: 0
Level: 4
#iterations: 1
Level: 3
#iterations: 0
Level: 4
#iterations: 1
Level: 5
#iterations: 1
Level: 4
#iterations: 0
Level: 5
#iterations: 1
Level: 5
#iterations: 0
Level: 6
#iterations: 0
Level: 7
#iterations: 1

Elapsed Time taken = 16229 ms ==> 0 minutes and 16 seconds.
CPU time used: 0 minutes, 14 seconds
31
taxon count : 26
Gene trees count : 1000
Comp graph nodes count : 21237
Internal nodes count : 21187
Real Taxon 0 : 1
Real Taxon 1 : 1
Real Taxon 2 : 1
Real Taxon 3 : 1
Real Taxon 4 : 0
Real Taxon 5 : 0
Real Taxon 6 : 0
Real Taxon 7 : 0
Real Taxon 8 : 0
Real Taxon 9 : 1
Real Taxon 10 : 1
Real Taxon 11 : 1
Real Taxon 12 : 1
Real Taxon 13 : 1
Real Taxon 14 : 0
Real Taxon 15 : 0
Real Taxon 16 : 0
Real Taxon 17 : 0
Real Taxon 18 : 0
Real Taxon 19 : 0
Real Taxon 20 : 0
Real Taxon 21 : 0
Real Taxon 22 : 0
Real Taxon 23 : 0
Real Taxon 24 : 1
Real Taxon 25 : 1
Level: 1
#iterations: 0
Level: 2
#iterations: 0
Level: 3
#iterations: 1
Level: 4
#iterations: 1
Level: 3
#iterations: 0
Level: 4
#iterations: 0
Level: 5
#iterations: 1
Level: 6
#iterations: 1
Level: 7
#iterations: 1
Level: 8
#iterations: 1
Level: 2
#iterations: 0
Level: 3
#iterations: 0
Level: 4
#iterations: 1
Level: 5
#iterations: 1
Level: 6
#iterations: 2
Level: 7
#iterations: 1
Level: 8
#iterations: 1
Level: 9
#iterations: 1
Level: 10
#iterations: 1
Level: 9
#iterations: 1
Level: 3
#iterations: 0
Level: 4
#iterations: 1
Level: 4
#iterations: 0

Elapsed Time taken = 26850 ms ==> 0 minutes and 26 seconds.
CPU time used: 0 minutes, 24 seconds
32
taxon count : 26
Gene trees count : 1000
Comp graph nodes count : 23954
Internal nodes count : 18964
Real Taxon 0 : 0
Real Taxon 1 : 0
Real Taxon 2 : 0
Real Taxon 3 : 0
Real Taxon 4 : 0
Real Taxon 5 : 0
Real Taxon 6 : 0
Real Taxon 7 : 0
Real Taxon 8 : 0
Real Taxon 9 : 0
Real Taxon 10 : 0
Real Taxon 11 : 0
Real Taxon 12 : 0
Real Taxon 13 : 0
Real Taxon 14 : 1
Real Taxon 15 : 1
Real Taxon 16 : 1
Real Taxon 17 : 1
Real Taxon 18 : 1
Real Taxon 19 : 1
Real Taxon 20 : 1
Real Taxon 21 : 1
Real Taxon 22 : 0
Real Taxon 23 : 0
Real Taxon 24 : 0
Real Taxon 25 : 0
Level: 1
#iterations: 0
Level: 2
#iterations: 0
Level: 3
#iterations: 0
Level: 4
#iterations: 1
Level: 5
#iterations: 1
Level: 3
#iterations: 0
Level: 4
#iterations: 0
Level: 2
#iterations: 0
Level: 3
#iterations: 0
Level: 4
#iterations: 1
Level: 5
#iterations: 1
Level: 6
#iterations: 1
Level: 7
#iterations: 1
Level: 8
#iterations: 1
Level: 9
#iterations: 1
Level: 10
#iterations: 1
Level: 11
#iterations: 1
Level: 3
#iterations: 0
Level: 4
#iterations: 1
Level: 4
#iterations: 0
Level: 5
#iterations: 0
Level: 6
#iterations: 1
Level: 7
#iterations: 1

Elapsed Time taken = 21808 ms ==> 0 minutes and 21 seconds.
CPU time used: 0 minutes, 21 seconds
33
taxon count : 26
Gene trees count : 1000
Comp graph nodes count : 18322
Internal nodes count : 18566
Real Taxon 0 : 0
Real Taxon 1 : 0
Real Taxon 2 : 0
Real Taxon 3 : 0
Real Taxon 4 : 0
Real Taxon 5 : 1
Real Taxon 6 : 1
Real Taxon 7 : 1
Real Taxon 8 : 0
Real Taxon 9 : 1
Real Taxon 10 : 1
Real Taxon 11 : 0
Real Taxon 12 : 0
Real Taxon 13 : 0
Real Taxon 14 : 0
Real Taxon 15 : 1
Real Taxon 16 : 1
Real Taxon 17 : 1
Real Taxon 18 : 1
Real Taxon 19 : 0
Real Taxon 20 : 1
Real Taxon 21 : 1
Real Taxon 22 : 0
Real Taxon 23 : 1
Real Taxon 24 : 0
Real Taxon 25 : 0
Level: 1
#iterations: 0
Level: 2
#iterations: 0
Level: 3
#iterations: 1
Level: 3
#iterations: 0
Level: 4
#iterations: 1
Level: 4
#iterations: 0
Level: 5
#iterations: 0
Level: 6
#iterations: 1
Level: 7
#iterations: 1
Level: 8
#iterations: 1
Level: 9
#iterations: 1
Level: 2
#iterations: 0
Level: 3
#iterations: 0
Level: 4
#iterations: 1
Level: 4
#iterations: 0
Level: 5
#iterations: 1
Level: 6
#iterations: 1
Level: 3
#iterations: 0
Level: 4
#iterations: 0
Level: 5
#iterations: 1
Level: 6
#iterations: 1
Level: 4
#iterations: 0
Level: 5
#iterations: 1

Elapsed Time taken = 18479 ms ==> 0 minutes and 18 seconds.
CPU time used: 0 minutes, 17 seconds
34
taxon count : 26
Gene trees count : 1000
Comp graph nodes count : 17391
Internal nodes count : 18157
Real Taxon 0 : 1
Real Taxon 1 : 1
Real Taxon 2 : 1
Real Taxon 3 : 1
Real Taxon 4 : 0
Real Taxon 5 : 0
Real Taxon 6 : 0
Real Taxon 7 : 0
Real Taxon 8 : 0
Real Taxon 9 : 0
Real Taxon 10 : 0
Real Taxon 11 : 1
Real Taxon 12 : 1
Real Taxon 13 : 1
Real Taxon 14 : 1
Real Taxon 15 : 0
Real Taxon 16 : 0
Real Taxon 17 : 0
Real Taxon 18 : 0
Real Taxon 19 : 0
Real Taxon 20 : 0
Real Taxon 21 : 0
Real Taxon 22 : 0
Real Taxon 23 : 0
Real Taxon 24 : 1
Real Taxon 25 : 1
Level: 1
#iterations: 0
Level: 2
#iterations: 0
Level: 3
#iterations: 0
Level: 4
#iterations: 0
Level: 5
#iterations: 0
Level: 4
#iterations: 0
Level: 5
#iterations: 1
Level: 3
#iterations: 0
Level: 4
#iterations: 0
Level: 2
#iterations: 0
Level: 3
#iterations: 0
Level: 4
#iterations: 1
Level: 5
#iterations: 1
Level: 6
#iterations: 1
Level: 7
#iterations: 1
Level: 3
#iterations: 0
Level: 4
#iterations: 1
Level: 5
#iterations: 1
Level: 4
#iterations: 0
Level: 5
#iterations: 1
Level: 5
#iterations: 0
Level: 6
#iterations: 1
Level: 7
#iterations: 1

Elapsed Time taken = 16920 ms ==> 0 minutes and 16 seconds.
CPU time used: 0 minutes, 16 seconds
35
taxon count : 26
Gene trees count : 1000
Comp graph nodes count : 28745
Internal nodes count : 19650
Real Taxon 0 : 0
Real Taxon 1 : 0
Real Taxon 2 : 0
Real Taxon 3 : 0
Real Taxon 4 : 0
Real Taxon 5 : 0
Real Taxon 6 : 0
Real Taxon 7 : 0
Real Taxon 8 : 0
Real Taxon 9 : 0
Real Taxon 10 : 0
Real Taxon 11 : 0
Real Taxon 12 : 0
Real Taxon 13 : 0
Real Taxon 14 : 1
Real Taxon 15 : 1
Real Taxon 16 : 1
Real Taxon 17 : 1
Real Taxon 18 : 1
Real Taxon 19 : 1
Real Taxon 20 : 0
Real Taxon 21 : 0
Real Taxon 22 : 0
Real Taxon 23 : 0
Real Taxon 24 : 0
Real Taxon 25 : 0
Level: 1
#iterations: 0
Level: 2
#iterations: 0
Level: 3
#iterations: 0
Level: 4
#iterations: 1
Level: 5
#iterations: 1
Level: 2
#iterations: 0
Level: 3
#iterations: 0
Level: 4
#iterations: 1
Level: 5
#iterations: 1
Level: 6
#iterations: 1
Level: 3
#iterations: 0
Level: 4
#iterations: 1
Level: 5
#iterations: 1
Level: 6
#iterations: 1
Level: 7
#iterations: 1
Level: 4
#iterations: 0
Level: 5
#iterations: 1
Level: 5
#iterations: 1
Level: 6
#iterations: 1
Level: 7
#iterations: 1
Level: 8
#iterations: 1
Level: 9
#iterations: 1
Level: 10
#iterations: 1

Elapsed Time taken = 25226 ms ==> 0 minutes and 25 seconds.
CPU time used: 0 minutes, 24 seconds
36
taxon count : 26
Gene trees count : 1000
Comp graph nodes count : 20606
Internal nodes count : 18715
Real Taxon 0 : 0
Real Taxon 1 : 0
Real Taxon 2 : 0
Real Taxon 3 : 0
Real Taxon 4 : 0
Real Taxon 5 : 0
Real Taxon 6 : 1
Real Taxon 7 : 0
Real Taxon 8 : 0
Real Taxon 9 : 1
Real Taxon 10 : 1
Real Taxon 11 : 0
Real Taxon 12 : 1
Real Taxon 13 : 0
Real Taxon 14 : 0
Real Taxon 15 : 0
Real Taxon 16 : 1
Real Taxon 17 : 1
Real Taxon 18 : 1
Real Taxon 19 : 1
Real Taxon 20 : 0
Real Taxon 21 : 1
Real Taxon 22 : 1
Real Taxon 23 : 0
Real Taxon 24 : 1
Real Taxon 25 : 0
Level: 1
#iterations: 0
Level: 2
#iterations: 0
Level: 3
#iterations: 1
Level: 3
#iterations: 0
Level: 4
#iterations: 1
Level: 5
#iterations: 1
Level: 6
#iterations: 1
Level: 7
#iterations: 1
Level: 8
#iterations: 1
Level: 9
#iterations: 1
Level: 2
#iterations: 0
Level: 3
#iterations: 0
Level: 4
#iterations: 1
Level: 5
#iterations: 1
Level: 5
#iterations: 1
Level: 4
#iterations: 0
Level: 5
#iterations: 1
Level: 5
#iterations: 0
Level: 6
#iterations: 1
Level: 3
#iterations: 0
Level: 4
#iterations: 0
Level: 5
#iterations: 0
Level: 4
#iterations: 0

Elapsed Time taken = 19438 ms ==> 0 minutes and 19 seconds.
CPU time used: 0 minutes, 18 seconds
37
taxon count : 26
Gene trees count : 1000
Comp graph nodes count : 15638
Internal nodes count : 18289
Real Taxon 0 : 1
Real Taxon 1 : 0
Real Taxon 2 : 1
Real Taxon 3 : 1
Real Taxon 4 : 0
Real Taxon 5 : 0
Real Taxon 6 : 1
Real Taxon 7 : 1
Real Taxon 8 : 1
Real Taxon 9 : 0
Real Taxon 10 : 1
Real Taxon 11 : 0
Real Taxon 12 : 0
Real Taxon 13 : 1
Real Taxon 14 : 0
Real Taxon 15 : 0
Real Taxon 16 : 0
Real Taxon 17 : 0
Real Taxon 18 : 0
Real Taxon 19 : 0
Real Taxon 20 : 0
Real Taxon 21 : 0
Real Taxon 22 : 0
Real Taxon 23 : 1
Real Taxon 24 : 1
Real Taxon 25 : 1
Level: 1
#iterations: 0
Level: 2
#iterations: 0
Level: 3
#iterations: 1
Level: 3
#iterations: 0
Level: 4
#iterations: 1
Level: 5
#iterations: 2
Level: 6
#iterations: 1
Level: 7
#iterations: 1
Level: 7
#iterations: 1
Level: 8
#iterations: 1
Level: 2
#iterations: 0
Level: 3
#iterations: 0
Level: 4
#iterations: 1
Level: 5
#iterations: 2
Level: 6
#iterations: 1
Level: 7
#iterations: 1
Level: 8
#iterations: 1
Level: 3
#iterations: 0
Level: 4
#iterations: 1
Level: 5
#iterations: 1
Level: 4
#iterations: 0
Level: 5
#iterations: 0
Level: 5
#iterations: 1

Elapsed Time taken = 18605 ms ==> 0 minutes and 18 seconds.
CPU time used: 0 minutes, 18 seconds
38
taxon count : 26
Gene trees count : 1000
Comp graph nodes count : 33213
Internal nodes count : 20925
Real Taxon 0 : 0
Real Taxon 1 : 0
Real Taxon 2 : 0
Real Taxon 3 : 0
Real Taxon 4 : 0
Real Taxon 5 : 0
Real Taxon 6 : 0
Real Taxon 7 : 0
Real Taxon 8 : 0
Real Taxon 9 : 0
Real Taxon 10 : 0
Real Taxon 11 : 0
Real Taxon 12 : 0
Real Taxon 13 : 0
Real Taxon 14 : 1
Real Taxon 15 : 1
Real Taxon 16 : 1
Real Taxon 17 : 1
Real Taxon 18 : 1
Real Taxon 19 : 0
Real Taxon 20 : 0
Real Taxon 21 : 0
Real Taxon 22 : 0
Real Taxon 23 : 0
Real Taxon 24 : 0
Real Taxon 25 : 0
Level: 1
#iterations: 2
Level: 2
#iterations: 0
Level: 3
#iterations: 0
Level: 4
#iterations: 0
Level: 3
#iterations: 0
Level: 4
#iterations: 1
Level: 4
#iterations: 0
Level: 2
#iterations: 0
Level: 3
#iterations: 3
Level: 4
#iterations: 2
Level: 5
#iterations: 1
Level: 6
#iterations: 1
Level: 7
#iterations: 1
Level: 8
#iterations: 1
Level: 9
#iterations: 1
Level: 10
#iterations: 1
Level: 3
#iterations: 0
Level: 4
#iterations: 1
Level: 4
#iterations: 0
Level: 5
#iterations: 0
Level: 6
#iterations: 1
Level: 7
#iterations: 1
Level: 8
#iterations: 1

Elapsed Time taken = 33178 ms ==> 0 minutes and 33 seconds.
CPU time used: 0 minutes, 32 seconds
39
taxon count : 26
Gene trees count : 1000
Comp graph nodes count : 34746
Internal nodes count : 21807
Real Taxon 0 : 0
Real Taxon 1 : 1
Real Taxon 2 : 0
Real Taxon 3 : 0
Real Taxon 4 : 0
Real Taxon 5 : 0
Real Taxon 6 : 0
Real Taxon 7 : 0
Real Taxon 8 : 1
Real Taxon 9 : 0
Real Taxon 10 : 1
Real Taxon 11 : 1
Real Taxon 12 : 1
Real Taxon 13 : 1
Real Taxon 14 : 0
Real Taxon 15 : 0
Real Taxon 16 : 1
Real Taxon 17 : 1
Real Taxon 18 : 0
Real Taxon 19 : 1
Real Taxon 20 : 0
Real Taxon 21 : 1
Real Taxon 22 : 1
Real Taxon 23 : 1
Real Taxon 24 : 0
Real Taxon 25 : 0
Level: 1
#iterations: 0
Level: 2
#iterations: 0
Level: 3
#iterations: 1
Level: 4
#iterations: 1
Level: 5
#iterations: 1
Level: 6
#iterations: 1
Level: 3
#iterations: 0
Level: 4
#iterations: 0
Level: 5
#iterations: 1
Level: 6
#iterations: 1
Level: 7
#iterations: 1
Level: 2
#iterations: 0
Level: 3
#iterations: 0
Level: 4
#iterations: 0
Level: 4
#iterations: 0
Level: 5
#iterations: 1
Level: 6
#iterations: 0
Level: 3
#iterations: 0
Level: 4
#iterations: 1
Level: 4
#iterations: 0
Level: 5
#iterations: 0
Level: 6
#iterations: 1
Level: 7
#iterations: 1

Elapsed Time taken = 25289 ms ==> 0 minutes and 25 seconds.
CPU time used: 0 minutes, 24 seconds
40
taxon count : 26
Gene trees count : 1000
Comp graph nodes count : 19408
Internal nodes count : 19789
Real Taxon 0 : 1
Real Taxon 1 : 1
Real Taxon 2 : 1
Real Taxon 3 : 1
Real Taxon 4 : 0
Real Taxon 5 : 0
Real Taxon 6 : 0
Real Taxon 7 : 1
Real Taxon 8 : 1
Real Taxon 9 : 1
Real Taxon 10 : 1
Real Taxon 11 : 1
Real Taxon 12 : 1
Real Taxon 13 : 1
Real Taxon 14 : 0
Real Taxon 15 : 0
Real Taxon 16 : 0
Real Taxon 17 : 0
Real Taxon 18 : 0
Real Taxon 19 : 0
Real Taxon 20 : 0
Real Taxon 21 : 0
Real Taxon 22 : 0
Real Taxon 23 : 0
Real Taxon 24 : 1
Real Taxon 25 : 1
Level: 1
#iterations: 0
Level: 2
#iterations: 0
Level: 3
#iterations: 0
Level: 4
#iterations: 1
Level: 5
#iterations: 1
Level: 6
#iterations: 1
Level: 3
#iterations: 0
Level: 4
#iterations: 0
Level: 5
#iterations: 0
Level: 6
#iterations: 1
Level: 7
#iterations: 1
Level: 6
#iterations: 1
Level: 2
#iterations: 0
Level: 3
#iterations: 1
Level: 4
#iterations: 1
Level: 5
#iterations: 1
Level: 6
#iterations: 1
Level: 7
#iterations: 1
Level: 3
#iterations: 0
Level: 4
#iterations: 0
Level: 5
#iterations: 1
Level: 6
#iterations: 1
Level: 4
#iterations: 0

Elapsed Time taken = 19736 ms ==> 0 minutes and 19 seconds.
CPU time used: 0 minutes, 19 seconds
41
taxon count : 26
Gene trees count : 1000
Comp graph nodes count : 22262
Internal nodes count : 19809
Real Taxon 0 : 0
Real Taxon 1 : 0
Real Taxon 2 : 0
Real Taxon 3 : 0
Real Taxon 4 : 0
Real Taxon 5 : 0
Real Taxon 6 : 0
Real Taxon 7 : 0
Real Taxon 8 : 0
Real Taxon 9 : 0
Real Taxon 10 : 0
Real Taxon 11 : 0
Real Taxon 12 : 0
Real Taxon 13 : 0
Real Taxon 14 : 1
Real Taxon 15 : 1
Real Taxon 16 : 1
Real Taxon 17 : 1
Real Taxon 18 : 1
Real Taxon 19 : 1
Real Taxon 20 : 1
Real Taxon 21 : 1
Real Taxon 22 : 1
Real Taxon 23 : 0
Real Taxon 24 : 0
Real Taxon 25 : 0
Level: 1
#iterations: 0
Level: 2
#iterations: 0
Level: 3
#iterations: 1
Level: 4
#iterations: 1
Level: 5
#iterations: 1
Level: 6
#iterations: 1
Level: 3
#iterations: 0
Level: 4
#iterations: 0
Level: 2
#iterations: 0
Level: 3
#iterations: 0
Level: 4
#iterations: 0
Level: 4
#iterations: 0
Level: 5
#iterations: 1
Level: 5
#iterations: 1
Level: 6
#iterations: 1
Level: 6
#iterations: 1
Level: 3
#iterations: 0
Level: 4
#iterations: 0
Level: 5
#iterations: 1
Level: 5
#iterations: 0
Level: 6
#iterations: 1
Level: 7
#iterations: 1
Level: 8
#iterations: 1

Elapsed Time taken = 19894 ms ==> 0 minutes and 19 seconds.
CPU time used: 0 minutes, 19 seconds
42
taxon count : 26
Gene trees count : 1000
Comp graph nodes count : 22723
Internal nodes count : 18749
Real Taxon 0 : 0
Real Taxon 1 : 0
Real Taxon 2 : 1
Real Taxon 3 : 0
Real Taxon 4 : 1
Real Taxon 5 : 1
Real Taxon 6 : 0
Real Taxon 7 : 0
Real Taxon 8 : 1
Real Taxon 9 : 0
Real Taxon 10 : 0
Real Taxon 11 : 1
Real Taxon 12 : 1
Real Taxon 13 : 0
Real Taxon 14 : 0
Real Taxon 15 : 0
Real Taxon 16 : 0
Real Taxon 17 : 0
Real Taxon 18 : 0
Real Taxon 19 : 1
Real Taxon 20 : 0
Real Taxon 21 : 1
Real Taxon 22 : 1
Real Taxon 23 : 0
Real Taxon 24 : 0
Real Taxon 25 : 1
Level: 1
#iterations: 0
Level: 2
#iterations: 0
Level: 3
#iterations: 1
Level: 3
#iterations: 0
Level: 4
#iterations: 0
Level: 5
#iterations: 0
Level: 6
#iterations: 1
Level: 7
#iterations: 1
Level: 8
#iterations: 1
Level: 2
#iterations: 0
Level: 3
#iterations: 0
Level: 4
#iterations: 1
Level: 5
#iterations: 1
Level: 3
#iterations: 0
Level: 4
#iterations: 1
Level: 5
#iterations: 1
Level: 4
#iterations: 0
Level: 5
#iterations: 0
Level: 6
#iterations: 0
Level: 7
#iterations: 1
Level: 8
#iterations: 1
Level: 9
#iterations: 1
Level: 10
#iterations: 1

Elapsed Time taken = 21552 ms ==> 0 minutes and 21 seconds.
CPU time used: 0 minutes, 20 seconds
43
taxon count : 26
Gene trees count : 1000
Comp graph nodes count : 20856
Internal nodes count : 19845
Real Taxon 0 : 1
Real Taxon 1 : 1
Real Taxon 2 : 1
Real Taxon 3 : 1
Real Taxon 4 : 0
Real Taxon 5 : 0
Real Taxon 6 : 0
Real Taxon 7 : 0
Real Taxon 8 : 0
Real Taxon 9 : 0
Real Taxon 10 : 1
Real Taxon 11 : 1
Real Taxon 12 : 1
Real Taxon 13 : 1
Real Taxon 14 : 0
Real Taxon 15 : 0
Real Taxon 16 : 0
Real Taxon 17 : 0
Real Taxon 18 : 0
Real Taxon 19 : 0
Real Taxon 20 : 0
Real Taxon 21 : 0
Real Taxon 22 : 0
Real Taxon 23 : 0
Real Taxon 24 : 1
Real Taxon 25 : 1
Level: 1
#iterations: 0
Level: 2
#iterations: 0
Level: 3
#iterations: 0
Level: 4
#iterations: 1
Level: 5
#iterations: 1
Level: 6
#iterations: 1
Level: 7
#iterations: 1
Level: 6
#iterations: 1
Level: 7
#iterations: 1
Level: 2
#iterations: 0
Level: 3
#iterations: 1
Level: 4
#iterations: 1
Level: 5
#iterations: 2
Level: 6
#iterations: 1
Level: 7
#iterations: 1
Level: 8
#iterations: 1
Level: 3
#iterations: 0
Level: 4
#iterations: 1
Level: 5
#iterations: 1
Level: 6
#iterations: 1
Level: 4
#iterations: 0
Level: 5
#iterations: 0
Level: 6
#iterations: 1

Elapsed Time taken = 22640 ms ==> 0 minutes and 22 seconds.
CPU time used: 0 minutes, 21 seconds
44
taxon count : 26
Gene trees count : 1000
Comp graph nodes count : 29083
Internal nodes count : 19758
Real Taxon 0 : 1
Real Taxon 1 : 1
Real Taxon 2 : 1
Real Taxon 3 : 1
Real Taxon 4 : 0
Real Taxon 5 : 0
Real Taxon 6 : 0
Real Taxon 7 : 1
Real Taxon 8 : 0
Real Taxon 9 : 0
Real Taxon 10 : 0
Real Taxon 11 : 0
Real Taxon 12 : 0
Real Taxon 13 : 1
Real Taxon 14 : 1
Real Taxon 15 : 0
Real Taxon 16 : 0
Real Taxon 17 : 0
Real Taxon 18 : 0
Real Taxon 19 : 0
Real Taxon 20 : 0
Real Taxon 21 : 0
Real Taxon 22 : 0
Real Taxon 23 : 0
Real Taxon 24 : 0
Real Taxon 25 : 0
Level: 1
#iterations: 0
Level: 2
#iterations: 0
Level: 3
#iterations: 0
Level: 4
#iterations: 0
Level: 4
#iterations: 0
Level: 3
#iterations: 0
Level: 2
#iterations: 0
Level: 3
#iterations: 2
Level: 4
#iterations: 1
Level: 5
#iterations: 1
Level: 6
#iterations: 1
Level: 7
#iterations: 1
Level: 8
#iterations: 1
Level: 9
#iterations: 1
Level: 10
#iterations: 1
Level: 3
#iterations: 0
Level: 4
#iterations: 0
Level: 4
#iterations: 0
Level: 5
#iterations: 1
Level: 5
#iterations: 1
Level: 6
#iterations: 1
Level: 7
#iterations: 1
Level: 8
#iterations: 1

Elapsed Time taken = 25717 ms ==> 0 minutes and 25 seconds.
CPU time used: 0 minutes, 25 seconds
45
taxon count : 26
Gene trees count : 1000
Comp graph nodes count : 19855
Internal nodes count : 19342
Real Taxon 0 : 0
Real Taxon 1 : 0
Real Taxon 2 : 0
Real Taxon 3 : 0
Real Taxon 4 : 0
Real Taxon 5 : 0
Real Taxon 6 : 0
Real Taxon 7 : 0
Real Taxon 8 : 0
Real Taxon 9 : 0
Real Taxon 10 : 0
Real Taxon 11 : 0
Real Taxon 12 : 0
Real Taxon 13 : 0
Real Taxon 14 : 1
Real Taxon 15 : 1
Real Taxon 16 : 1
Real Taxon 17 : 1
Real Taxon 18 : 1
Real Taxon 19 : 1
Real Taxon 20 : 1
Real Taxon 21 : 1
Real Taxon 22 : 1
Real Taxon 23 : 0
Real Taxon 24 : 0
Real Taxon 25 : 0
Level: 1
#iterations: 0
Level: 2
#iterations: 0
Level: 3
#iterations: 1
Level: 3
#iterations: 0
Level: 4
#iterations: 1
Level: 5
#iterations: 1
Level: 5
#iterations: 1
Level: 6
#iterations: 1
Level: 2
#iterations: 0
Level: 3
#iterations: 0
Level: 4
#iterations: 1
Level: 5
#iterations: 1
Level: 6
#iterations: 1
Level: 7
#iterations: 1
Level: 6
#iterations: 1
Level: 7
#iterations: 1
Level: 4
#iterations: 0
Level: 5
#iterations: 1
Level: 3
#iterations: 0
Level: 4
#iterations: 1
Level: 4
#iterations: 0
Level: 5
#iterations: 0
Level: 5
#iterations: 1

Elapsed Time taken = 17845 ms ==> 0 minutes and 17 seconds.
CPU time used: 0 minutes, 17 seconds
46
taxon count : 26
Gene trees count : 1000
Comp graph nodes count : 22449
Internal nodes count : 18274
Real Taxon 0 : 0
Real Taxon 1 : 0
Real Taxon 2 : 0
Real Taxon 3 : 0
Real Taxon 4 : 0
Real Taxon 5 : 1
Real Taxon 6 : 0
Real Taxon 7 : 0
Real Taxon 8 : 0
Real Taxon 9 : 0
Real Taxon 10 : 0
Real Taxon 11 : 0
Real Taxon 12 : 0
Real Taxon 13 : 0
Real Taxon 14 : 1
Real Taxon 15 : 1
Real Taxon 16 : 1
Real Taxon 17 : 1
Real Taxon 18 : 1
Real Taxon 19 : 1
Real Taxon 20 : 1
Real Taxon 21 : 0
Real Taxon 22 : 1
Real Taxon 23 : 1
Real Taxon 24 : 0
Real Taxon 25 : 0
Level: 1
#iterations: 0
Level: 2
#iterations: 0
Level: 3
#iterations: 0
Level: 4
#iterations: 1
Level: 4
#iterations: 0
Level: 5
#iterations: 1
Level: 3
#iterations: 0
Level: 4
#iterations: 1
Level: 5
#iterations: 1
Level: 2
#iterations: 0
Level: 3
#iterations: 1
Level: 4
#iterations: 1
Level: 5
#iterations: 1
Level: 6
#iterations: 1
Level: 3
#iterations: 0
Level: 4
#iterations: 0
Level: 5
#iterations: 0
Level: 6
#iterations: 1
Level: 4
#iterations: 0
Level: 5
#iterations: 1
Level: 5
#iterations: 0
Level: 6
#iterations: 2
Level: 7
#iterations: 1

Elapsed Time taken = 18713 ms ==> 0 minutes and 18 seconds.
CPU time used: 0 minutes, 18 seconds
47
taxon count : 26
Gene trees count : 1000
Comp graph nodes count : 15900
Internal nodes count : 17852
Real Taxon 0 : 0
Real Taxon 1 : 0
Real Taxon 2 : 0
Real Taxon 3 : 0
Real Taxon 4 : 0
Real Taxon 5 : 1
Real Taxon 6 : 1
Real Taxon 7 : 1
Real Taxon 8 : 0
Real Taxon 9 : 1
Real Taxon 10 : 0
Real Taxon 11 : 0
Real Taxon 12 : 0
Real Taxon 13 : 1
Real Taxon 14 : 0
Real Taxon 15 : 0
Real Taxon 16 : 1
Real Taxon 17 : 0
Real Taxon 18 : 1
Real Taxon 19 : 1
Real Taxon 20 : 1
Real Taxon 21 : 0
Real Taxon 22 : 1
Real Taxon 23 : 0
Real Taxon 24 : 0
Real Taxon 25 : 0
Level: 1
#iterations: 0
Level: 2
#iterations: 0
Level: 3
#iterations: 1
Level: 4
#iterations: 1
Level: 5
#iterations: 1
Level: 6
#iterations: 1
Level: 7
#iterations: 1
Level: 3
#iterations: 0
Level: 4
#iterations: 1
Level: 2
#iterations: 0
Level: 3
#iterations: 0
Level: 4
#iterations: 1
Level: 5
#iterations: 1
Level: 6
#iterations: 1
Level: 7
#iterations: 1
Level: 3
#iterations: 0
Level: 4
#iterations: 0
Level: 5
#iterations: 0
Level: 6
#iterations: 0
Level: 4
#iterations: 0
Level: 5
#iterations: 0
Level: 6
#iterations: 1
Level: 5
#iterations: 0

Elapsed Time taken = 16602 ms ==> 0 minutes and 16 seconds.
CPU time used: 0 minutes, 16 seconds
48
taxon count : 26
Gene trees count : 1000
Comp graph nodes count : 20742
Internal nodes count : 20929
Real Taxon 0 : 1
Real Taxon 1 : 1
Real Taxon 2 : 1
Real Taxon 3 : 1
Real Taxon 4 : 0
Real Taxon 5 : 0
Real Taxon 6 : 0
Real Taxon 7 : 0
Real Taxon 8 : 1
Real Taxon 9 : 1
Real Taxon 10 : 1
Real Taxon 11 : 1
Real Taxon 12 : 1
Real Taxon 13 : 1
Real Taxon 14 : 0
Real Taxon 15 : 0
Real Taxon 16 : 0
Real Taxon 17 : 0
Real Taxon 18 : 0
Real Taxon 19 : 0
Real Taxon 20 : 0
Real Taxon 21 : 0
Real Taxon 22 : 0
Real Taxon 23 : 0
Real Taxon 24 : 1
Real Taxon 25 : 1
Level: 1
#iterations: 0
Level: 2
#iterations: 0
Level: 3
#iterations: 0
Level: 4
#iterations: 0
Level: 3
#iterations: 0
Level: 4
#iterations: 0
Level: 5
#iterations: 1
Level: 6
#iterations: 1
Level: 7
#iterations: 1
Level: 8
#iterations: 1
Level: 9
#iterations: 1
Level: 2
#iterations: 0
Level: 3
#iterations: 1
Level: 3
#iterations: 0
Level: 4
#iterations: 1
Level: 5
#iterations: 1
Level: 4
#iterations: 0
Level: 5
#iterations: 1
Level: 6
#iterations: 1
Level: 7
#iterations: 1
Level: 8
#iterations: 1
Level: 9
#iterations: 1
Level: 10
#iterations: 1

Elapsed Time taken = 24619 ms ==> 0 minutes and 24 seconds.
CPU time used: 0 minutes, 23 seconds
49
taxon count : 26
Gene trees count : 1000
Comp graph nodes count : 40221
Internal nodes count : 23209
Real Taxon 0 : 0
Real Taxon 1 : 1
Real Taxon 2 : 0
Real Taxon 3 : 1
Real Taxon 4 : 0
Real Taxon 5 : 0
Real Taxon 6 : 0
Real Taxon 7 : 1
Real Taxon 8 : 0
Real Taxon 9 : 0
Real Taxon 10 : 0
Real Taxon 11 : 0
Real Taxon 12 : 0
Real Taxon 13 : 0
Real Taxon 14 : 0
Real Taxon 15 : 0
Real Taxon 16 : 0
Real Taxon 17 : 0
Real Taxon 18 : 1
Real Taxon 19 : 1
Real Taxon 20 : 0
Real Taxon 21 : 1
Real Taxon 22 : 1
Real Taxon 23 : 1
Real Taxon 24 : 0
Real Taxon 25 : 0
Level: 1
#iterations: 0
Level: 2
#iterations: 0
Level: 3
#iterations: 1
Level: 4
#iterations: 1
Level: 3
#iterations: 0
Level: 4
#iterations: 1
Level: 5
#iterations: 1
Level: 2
#iterations: 0
Level: 3
#iterations: 0
Level: 3
#iterations: 0
Level: 4
#iterations: 0
Level: 5
#iterations: 0
Level: 6
#iterations: 1
Level: 7
#iterations: 1
Level: 8
#iterations: 1
Level: 9
#iterations: 1
Level: 4
#iterations: 0
Level: 5
#iterations: 0
Level: 6
#iterations: 1
Level: 7
#iterations: 1
Level: 8
#iterations: 1
Level: 9
#iterations: 1
Level: 10
#iterations: 1

Elapsed Time taken = 32320 ms ==> 0 minutes and 32 seconds.
CPU time used: 0 minutes, 31 seconds
50
taxon count : 26
Gene trees count : 1000
Comp graph nodes count : 22397
Internal nodes count : 18792
Real Taxon 0 : 1
Real Taxon 1 : 1
Real Taxon 2 : 1
Real Taxon 3 : 1
Real Taxon 4 : 1
Real Taxon 5 : 0
Real Taxon 6 : 0
Real Taxon 7 : 0
Real Taxon 8 : 0
Real Taxon 9 : 0
Real Taxon 10 : 0
Real Taxon 11 : 0
Real Taxon 12 : 1
Real Taxon 13 : 1
Real Taxon 14 : 1
Real Taxon 15 : 0
Real Taxon 16 : 0
Real Taxon 17 : 0
Real Taxon 18 : 0
Real Taxon 19 : 0
Real Taxon 20 : 0
Real Taxon 21 : 0
Real Taxon 22 : 0
Real Taxon 23 : 1
Real Taxon 24 : 1
Real Taxon 25 : 1
Level: 1
#iterations: 0
Level: 2
#iterations: 0
Level: 3
#iterations: 0
Level: 4
#iterations: 1
Level: 4
#iterations: 0
Level: 5
#iterations: 0
Level: 6
#iterations: 1
Level: 7
#iterations: 1
Level: 3
#iterations: 0
Level: 4
#iterations: 1
Level: 2
#iterations: 0
Level: 3
#iterations: 0
Level: 4
#iterations: 0
Level: 5
#iterations: 1
Level: 6
#iterations: 1
Level: 7
#iterations: 1
Level: 3
#iterations: 0
Level: 4
#iterations: 0
Level: 5
#iterations: 0
Level: 6
#iterations: 1
Level: 7
#iterations: 1
Level: 4
#iterations: 0
Level: 5
#iterations: 1

Elapsed Time taken = 18647 ms ==> 0 minutes and 18 seconds.
CPU time used: 0 minutes, 18 seconds
