01
taxon count : 26
Gene trees count : 1000
Comp graph nodes count : 26139
Internal nodes count : 20546
Real Taxon 0 : 1
Real Taxon 1 : 1
Real Taxon 2 : 1
Real Taxon 3 : 1
Real Taxon 4 : 0
Real Taxon 5 : 0
Real Taxon 6 : 0
Real Taxon 7 : 0
Real Taxon 8 : 0
Real Taxon 9 : 0
Real Taxon 10 : 0
Real Taxon 11 : 0
Real Taxon 12 : 0
Real Taxon 13 : 1
Real Taxon 14 : 1
Real Taxon 15 : 0
Real Taxon 16 : 0
Real Taxon 17 : 0
Real Taxon 18 : 0
Real Taxon 19 : 0
Real Taxon 20 : 0
Real Taxon 21 : 0
Real Taxon 22 : 0
Real Taxon 23 : 0
Real Taxon 24 : 1
Real Taxon 25 : 1
Level: 1
#iterations: 0
Level: 2
#iterations: 0
Level: 3
#iterations: 1
Level: 4
#iterations: 1
Level: 3
#iterations: 0
Level: 4
#iterations: 1
Level: 4
#iterations: 0
Level: 2
#iterations: 0
Level: 3
#iterations: 0
Level: 4
#iterations: 1
Level: 5
#iterations: 1
Level: 4
#iterations: 1
Level: 5
#iterations: 1
Level: 3
#iterations: 0
Level: 4
#iterations: 1
Level: 4
#iterations: 0
Level: 5
#iterations: 1
Level: 6
#iterations: 1
Level: 7
#iterations: 2
Level: 8
#iterations: 1
Level: 9
#iterations: 1
Level: 10
#iterations: 1
Level: 8
#iterations: 1

Elapsed Time taken = 41547 ms ==> 0 minutes and 41 seconds.
CPU time used: 0 minutes, 26 seconds
02
taxon count : 26
Gene trees count : 1000
Comp graph nodes count : 38187
Internal nodes count : 24569
Real Taxon 0 : 1
Real Taxon 1 : 1
Real Taxon 2 : 0
Real Taxon 3 : 0
Real Taxon 4 : 1
Real Taxon 5 : 1
Real Taxon 6 : 1
Real Taxon 7 : 1
Real Taxon 8 : 1
Real Taxon 9 : 0
Real Taxon 10 : 1
Real Taxon 11 : 0
Real Taxon 12 : 1
Real Taxon 13 : 0
Real Taxon 14 : 0
Real Taxon 15 : 0
Real Taxon 16 : 1
Real Taxon 17 : 0
Real Taxon 18 : 0
Real Taxon 19 : 1
Real Taxon 20 : 1
Real Taxon 21 : 0
Real Taxon 22 : 1
Real Taxon 23 : 1
Real Taxon 24 : 0
Real Taxon 25 : 0
Level: 1
#iterations: 0
Level: 2
#iterations: 0
Level: 3
#iterations: 0
Level: 4
#iterations: 1
Level: 5
#iterations: 1
Level: 3
#iterations: 1
Level: 4
#iterations: 1
Level: 5
#iterations: 1
Level: 6
#iterations: 1
Level: 7
#iterations: 1
Level: 8
#iterations: 1
Level: 7
#iterations: 1
Level: 8
#iterations: 1
Level: 2
#iterations: 0
Level: 3
#iterations: 0
Level: 4
#iterations: 0
Level: 3
#iterations: 0
Level: 4
#iterations: 1
Level: 4
#iterations: 0
Level: 5
#iterations: 0
Level: 5
#iterations: 0
Level: 6
#iterations: 1
Level: 7
#iterations: 1

Elapsed Time taken = 32638 ms ==> 0 minutes and 32 seconds.
CPU time used: 0 minutes, 30 seconds
03
taxon count : 26
Gene trees count : 1000
Comp graph nodes count : 32916
Internal nodes count : 24968
Real Taxon 0 : 0
Real Taxon 1 : 1
Real Taxon 2 : 1
Real Taxon 3 : 1
Real Taxon 4 : 0
Real Taxon 5 : 0
Real Taxon 6 : 0
Real Taxon 7 : 1
Real Taxon 8 : 1
Real Taxon 9 : 0
Real Taxon 10 : 1
Real Taxon 11 : 1
Real Taxon 12 : 0
Real Taxon 13 : 1
Real Taxon 14 : 0
Real Taxon 15 : 0
Real Taxon 16 : 0
Real Taxon 17 : 0
Real Taxon 18 : 1
Real Taxon 19 : 0
Real Taxon 20 : 1
Real Taxon 21 : 0
Real Taxon 22 : 1
Real Taxon 23 : 1
Real Taxon 24 : 1
Real Taxon 25 : 1
Level: 1
#iterations: 0
Level: 2
#iterations: 0
Level: 3
#iterations: 0
Level: 4
#iterations: 1
Level: 4
#iterations: 0
Level: 5
#iterations: 1
Level: 6
#iterations: 1
Level: 6
#iterations: 2
Level: 7
#iterations: 1
Level: 8
#iterations: 1
Level: 3
#iterations: 0
Level: 4
#iterations: 0
Level: 5
#iterations: 1
Level: 2
#iterations: 0
Level: 3
#iterations: 0
Level: 4
#iterations: 1
Level: 3
#iterations: 0
Level: 4
#iterations: 1
Level: 5
#iterations: 1
Level: 4
#iterations: 0
Level: 5
#iterations: 1
Level: 5
#iterations: 1
Level: 6
#iterations: 1

Elapsed Time taken = 28347 ms ==> 0 minutes and 28 seconds.
CPU time used: 0 minutes, 27 seconds
04
taxon count : 26
Gene trees count : 1000
Comp graph nodes count : 23927
Internal nodes count : 18954
Real Taxon 0 : 1
Real Taxon 1 : 1
Real Taxon 2 : 1
Real Taxon 3 : 1
Real Taxon 4 : 0
Real Taxon 5 : 0
Real Taxon 6 : 0
Real Taxon 7 : 0
Real Taxon 8 : 0
Real Taxon 9 : 0
Real Taxon 10 : 0
Real Taxon 11 : 0
Real Taxon 12 : 0
Real Taxon 13 : 0
Real Taxon 14 : 1
Real Taxon 15 : 0
Real Taxon 16 : 0
Real Taxon 17 : 0
Real Taxon 18 : 0
Real Taxon 19 : 0
Real Taxon 20 : 0
Real Taxon 21 : 0
Real Taxon 22 : 0
Real Taxon 23 : 0
Real Taxon 24 : 0
Real Taxon 25 : 1
Level: 1
#iterations: 0
Level: 2
#iterations: 0
Level: 3
#iterations: 1
Level: 4
#iterations: 1
Level: 5
#iterations: 1
Level: 2
#iterations: 0
Level: 3
#iterations: 0
Level: 4
#iterations: 1
Level: 5
#iterations: 1
Level: 6
#iterations: 1
Level: 3
#iterations: 0
Level: 4
#iterations: 1
Level: 4
#iterations: 0
Level: 5
#iterations: 1
Level: 5
#iterations: 0
Level: 6
#iterations: 0
Level: 7
#iterations: 1
Level: 7
#iterations: 1
Level: 8
#iterations: 1
Level: 9
#iterations: 1
Level: 10
#iterations: 1
Level: 6
#iterations: 0
Level: 7
#iterations: 1

Elapsed Time taken = 23855 ms ==> 0 minutes and 23 seconds.
CPU time used: 0 minutes, 23 seconds
05
taxon count : 26
Gene trees count : 1000
Comp graph nodes count : 14989
Internal nodes count : 17680
Real Taxon 0 : 1
Real Taxon 1 : 1
Real Taxon 2 : 0
Real Taxon 3 : 0
Real Taxon 4 : 0
Real Taxon 5 : 0
Real Taxon 6 : 1
Real Taxon 7 : 1
Real Taxon 8 : 0
Real Taxon 9 : 0
Real Taxon 10 : 0
Real Taxon 11 : 1
Real Taxon 12 : 1
Real Taxon 13 : 0
Real Taxon 14 : 0
Real Taxon 15 : 0
Real Taxon 16 : 0
Real Taxon 17 : 0
Real Taxon 18 : 1
Real Taxon 19 : 0
Real Taxon 20 : 0
Real Taxon 21 : 0
Real Taxon 22 : 0
Real Taxon 23 : 1
Real Taxon 24 : 0
Real Taxon 25 : 1
Level: 1
#iterations: 0
Level: 2
#iterations: 0
Level: 3
#iterations: 1
Level: 3
#iterations: 0
Level: 4
#iterations: 1
Level: 5
#iterations: 1
Level: 4
#iterations: 1
Level: 5
#iterations: 1
Level: 2
#iterations: 0
Level: 3
#iterations: 0
Level: 4
#iterations: 1
Level: 4
#iterations: 1
Level: 5
#iterations: 1
Level: 6
#iterations: 1
Level: 7
#iterations: 1
Level: 3
#iterations: 0
Level: 4
#iterations: 0
Level: 5
#iterations: 1
Level: 5
#iterations: 0
Level: 6
#iterations: 1
Level: 4
#iterations: 0
Level: 5
#iterations: 1
Level: 5
#iterations: 1

Elapsed Time taken = 16668 ms ==> 0 minutes and 16 seconds.
CPU time used: 0 minutes, 16 seconds
06
taxon count : 26
Gene trees count : 1000
Comp graph nodes count : 20746
Internal nodes count : 20222
Real Taxon 0 : 0
Real Taxon 1 : 0
Real Taxon 2 : 0
Real Taxon 3 : 0
Real Taxon 4 : 0
Real Taxon 5 : 0
Real Taxon 6 : 0
Real Taxon 7 : 0
Real Taxon 8 : 0
Real Taxon 9 : 0
Real Taxon 10 : 0
Real Taxon 11 : 0
Real Taxon 12 : 0
Real Taxon 13 : 0
Real Taxon 14 : 1
Real Taxon 15 : 1
Real Taxon 16 : 1
Real Taxon 17 : 1
Real Taxon 18 : 1
Real Taxon 19 : 1
Real Taxon 20 : 1
Real Taxon 21 : 1
Real Taxon 22 : 0
Real Taxon 23 : 0
Real Taxon 24 : 0
Real Taxon 25 : 0
Level: 1
#iterations: 0
Level: 2
#iterations: 0
Level: 3
#iterations: 0
Level: 4
#iterations: 1
Level: 4
#iterations: 1
Level: 5
#iterations: 1
Level: 6
#iterations: 1
Level: 2
#iterations: 0
Level: 3
#iterations: 0
Level: 4
#iterations: 1
Level: 5
#iterations: 1
Level: 6
#iterations: 1
Level: 4
#iterations: 0
Level: 5
#iterations: 1
Level: 6
#iterations: 1
Level: 7
#iterations: 1
Level: 3
#iterations: 0
Level: 4
#iterations: 0
Level: 5
#iterations: 1
Level: 5
#iterations: 0
Level: 6
#iterations: 1
Level: 4
#iterations: 0
Level: 5
#iterations: 1

Elapsed Time taken = 21905 ms ==> 0 minutes and 21 seconds.
CPU time used: 0 minutes, 21 seconds
07
taxon count : 26
Gene trees count : 1000
Comp graph nodes count : 25396
Internal nodes count : 19732
Real Taxon 0 : 0
Real Taxon 1 : 0
Real Taxon 2 : 0
Real Taxon 3 : 0
Real Taxon 4 : 0
Real Taxon 5 : 0
Real Taxon 6 : 0
Real Taxon 7 : 0
Real Taxon 8 : 0
Real Taxon 9 : 0
Real Taxon 10 : 0
Real Taxon 11 : 0
Real Taxon 12 : 0
Real Taxon 13 : 0
Real Taxon 14 : 1
Real Taxon 15 : 1
Real Taxon 16 : 1
Real Taxon 17 : 1
Real Taxon 18 : 1
Real Taxon 19 : 1
Real Taxon 20 : 1
Real Taxon 21 : 0
Real Taxon 22 : 0
Real Taxon 23 : 0
Real Taxon 24 : 0
Real Taxon 25 : 0
Level: 1
#iterations: 0
Level: 2
#iterations: 0
Level: 3
#iterations: 0
Level: 4
#iterations: 1
Level: 4
#iterations: 1
Level: 5
#iterations: 1
Level: 2
#iterations: 0
Level: 3
#iterations: 0
Level: 4
#iterations: 1
Level: 5
#iterations: 1
Level: 4
#iterations: 0
Level: 5
#iterations: 1
Level: 6
#iterations: 1
Level: 7
#iterations: 1
Level: 8
#iterations: 1
Level: 9
#iterations: 1
Level: 10
#iterations: 1
Level: 11
#iterations: 1
Level: 12
#iterations: 1
Level: 3
#iterations: 0
Level: 4
#iterations: 1
Level: 4
#iterations: 1
Level: 5
#iterations: 1

Elapsed Time taken = 25964 ms ==> 0 minutes and 25 seconds.
CPU time used: 0 minutes, 25 seconds
08
taxon count : 26
Gene trees count : 1000
Comp graph nodes count : 26030
Internal nodes count : 21756
Real Taxon 0 : 1
Real Taxon 1 : 1
Real Taxon 2 : 1
Real Taxon 3 : 1
Real Taxon 4 : 0
Real Taxon 5 : 0
Real Taxon 6 : 0
Real Taxon 7 : 0
Real Taxon 8 : 0
Real Taxon 9 : 0
Real Taxon 10 : 0
Real Taxon 11 : 0
Real Taxon 12 : 0
Real Taxon 13 : 1
Real Taxon 14 : 1
Real Taxon 15 : 0
Real Taxon 16 : 0
Real Taxon 17 : 0
Real Taxon 18 : 0
Real Taxon 19 : 0
Real Taxon 20 : 0
Real Taxon 21 : 0
Real Taxon 22 : 0
Real Taxon 23 : 0
Real Taxon 24 : 1
Real Taxon 25 : 1
Level: 1
#iterations: 0
Level: 2
#iterations: 0
Level: 3
#iterations: 0
Level: 4
#iterations: 1
Level: 5
#iterations: 1
Level: 6
#iterations: 1
Level: 5
#iterations: 1
Level: 2
#iterations: 0
Level: 3
#iterations: 0
Level: 4
#iterations: 0
Level: 3
#iterations: 0
Level: 4
#iterations: 1
Level: 5
#iterations: 1
Level: 4
#iterations: 0
Level: 5
#iterations: 1
Level: 6
#iterations: 1
Level: 5
#iterations: 0
Level: 6
#iterations: 0
Level: 7
#iterations: 0
Level: 8
#iterations: 1
Level: 9
#iterations: 1
Level: 10
#iterations: 1
Level: 11
#iterations: 1

Elapsed Time taken = 27236 ms ==> 0 minutes and 27 seconds.
CPU time used: 0 minutes, 26 seconds
09
taxon count : 26
Gene trees count : 1000
Comp graph nodes count : 20405
Internal nodes count : 19789
Real Taxon 0 : 0
Real Taxon 1 : 0
Real Taxon 2 : 0
Real Taxon 3 : 0
Real Taxon 4 : 1
Real Taxon 5 : 0
Real Taxon 6 : 1
Real Taxon 7 : 0
Real Taxon 8 : 0
Real Taxon 9 : 1
Real Taxon 10 : 1
Real Taxon 11 : 1
Real Taxon 12 : 1
Real Taxon 13 : 0
Real Taxon 14 : 0
Real Taxon 15 : 1
Real Taxon 16 : 0
Real Taxon 17 : 1
Real Taxon 18 : 1
Real Taxon 19 : 1
Real Taxon 20 : 1
Real Taxon 21 : 1
Real Taxon 22 : 1
Real Taxon 23 : 1
Real Taxon 24 : 0
Real Taxon 25 : 0
Level: 1
#iterations: 0
Level: 2
#iterations: 0
Level: 3
#iterations: 0
Level: 4
#iterations: 1
Level: 4
#iterations: 1
Level: 5
#iterations: 1
Level: 6
#iterations: 1
Level: 7
#iterations: 1
Level: 6
#iterations: 1
Level: 3
#iterations: 0
Level: 4
#iterations: 1
Level: 5
#iterations: 1
Level: 6
#iterations: 1
Level: 2
#iterations: 0
Level: 3
#iterations: 0
Level: 4
#iterations: 1
Level: 5
#iterations: 1
Level: 4
#iterations: 1
Level: 3
#iterations: 0
Level: 4
#iterations: 0
Level: 5
#iterations: 0
Level: 6
#iterations: 1
Level: 4
#iterations: 0

Elapsed Time taken = 19078 ms ==> 0 minutes and 19 seconds.
CPU time used: 0 minutes, 18 seconds
10
taxon count : 26
Gene trees count : 1000
Comp graph nodes count : 24990
Internal nodes count : 21265
Real Taxon 0 : 1
Real Taxon 1 : 1
Real Taxon 2 : 0
Real Taxon 3 : 1
Real Taxon 4 : 0
Real Taxon 5 : 0
Real Taxon 6 : 1
Real Taxon 7 : 0
Real Taxon 8 : 1
Real Taxon 9 : 0
Real Taxon 10 : 0
Real Taxon 11 : 0
Real Taxon 12 : 0
Real Taxon 13 : 0
Real Taxon 14 : 0
Real Taxon 15 : 0
Real Taxon 16 : 0
Real Taxon 17 : 1
Real Taxon 18 : 0
Real Taxon 19 : 0
Real Taxon 20 : 1
Real Taxon 21 : 1
Real Taxon 22 : 0
Real Taxon 23 : 0
Real Taxon 24 : 0
Real Taxon 25 : 0
Level: 1
#iterations: 0
Level: 2
#iterations: 1
Level: 3
#iterations: 1
Level: 4
#iterations: 1
Level: 5
#iterations: 1
Level: 6
#iterations: 1
Level: 7
#iterations: 1
Level: 2
#iterations: 0
Level: 3
#iterations: 0
Level: 4
#iterations: 1
Level: 5
#iterations: 1
Level: 3
#iterations: 0
Level: 4
#iterations: 1
Level: 5
#iterations: 1
Level: 4
#iterations: 0
Level: 5
#iterations: 1
Level: 6
#iterations: 1
Level: 7
#iterations: 1
Level: 7
#iterations: 1
Level: 5
#iterations: 0
Level: 6
#iterations: 0
Level: 6
#iterations: 1
Level: 7
#iterations: 1

Elapsed Time taken = 25305 ms ==> 0 minutes and 25 seconds.
CPU time used: 0 minutes, 24 seconds
11
taxon count : 26
Gene trees count : 1000
Comp graph nodes count : 16471
Internal nodes count : 17805
Real Taxon 0 : 0
Real Taxon 1 : 0
Real Taxon 2 : 0
Real Taxon 3 : 0
Real Taxon 4 : 1
Real Taxon 5 : 1
Real Taxon 6 : 1
Real Taxon 7 : 1
Real Taxon 8 : 1
Real Taxon 9 : 0
Real Taxon 10 : 0
Real Taxon 11 : 0
Real Taxon 12 : 0
Real Taxon 13 : 0
Real Taxon 14 : 0
Real Taxon 15 : 1
Real Taxon 16 : 1
Real Taxon 17 : 1
Real Taxon 18 : 1
Real Taxon 19 : 1
Real Taxon 20 : 1
Real Taxon 21 : 1
Real Taxon 22 : 1
Real Taxon 23 : 1
Real Taxon 24 : 0
Real Taxon 25 : 0
Level: 1
#iterations: 0
Level: 2
#iterations: 0
Level: 3
#iterations: 0
Level: 4
#iterations: 1
Level: 4
#iterations: 0
Level: 5
#iterations: 1
Level: 6
#iterations: 1
Level: 7
#iterations: 1
Level: 5
#iterations: 0
Level: 6
#iterations: 1
Level: 7
#iterations: 1
Level: 3
#iterations: 0
Level: 4
#iterations: 0
Level: 2
#iterations: 0
Level: 3
#iterations: 0
Level: 4
#iterations: 0
Level: 5
#iterations: 1
Level: 6
#iterations: 1
Level: 4
#iterations: 0
Level: 3
#iterations: 0
Level: 4
#iterations: 1
Level: 5
#iterations: 1
Level: 4
#iterations: 1

Elapsed Time taken = 16387 ms ==> 0 minutes and 16 seconds.
CPU time used: 0 minutes, 15 seconds
12
taxon count : 26
Gene trees count : 1000
Comp graph nodes count : 17486
Internal nodes count : 19655
Real Taxon 0 : 1
Real Taxon 1 : 1
Real Taxon 2 : 1
Real Taxon 3 : 1
Real Taxon 4 : 0
Real Taxon 5 : 0
Real Taxon 6 : 0
Real Taxon 7 : 1
Real Taxon 8 : 1
Real Taxon 9 : 1
Real Taxon 10 : 1
Real Taxon 11 : 1
Real Taxon 12 : 1
Real Taxon 13 : 1
Real Taxon 14 : 0
Real Taxon 15 : 0
Real Taxon 16 : 0
Real Taxon 17 : 0
Real Taxon 18 : 0
Real Taxon 19 : 0
Real Taxon 20 : 0
Real Taxon 21 : 0
Real Taxon 22 : 0
Real Taxon 23 : 0
Real Taxon 24 : 1
Real Taxon 25 : 1
Level: 1
#iterations: 0
Level: 2
#iterations: 0
Level: 3
#iterations: 1
Level: 4
#iterations: 1
Level: 5
#iterations: 1
Level: 6
#iterations: 1
Level: 7
#iterations: 1
Level: 8
#iterations: 1
Level: 3
#iterations: 0
Level: 4
#iterations: 1
Level: 5
#iterations: 1
Level: 6
#iterations: 1
Level: 2
#iterations: 0
Level: 3
#iterations: 0
Level: 4
#iterations: 0
Level: 5
#iterations: 1
Level: 6
#iterations: 1
Level: 7
#iterations: 1
Level: 8
#iterations: 1
Level: 9
#iterations: 1
Level: 4
#iterations: 1
Level: 5
#iterations: 1
Level: 3
#iterations: 0

Elapsed Time taken = 21122 ms ==> 0 minutes and 21 seconds.
CPU time used: 0 minutes, 20 seconds
13
taxon count : 26
Gene trees count : 1000
Comp graph nodes count : 18466
Internal nodes count : 19576
Real Taxon 0 : 0
Real Taxon 1 : 0
Real Taxon 2 : 0
Real Taxon 3 : 0
Real Taxon 4 : 0
Real Taxon 5 : 0
Real Taxon 6 : 0
Real Taxon 7 : 0
Real Taxon 8 : 0
Real Taxon 9 : 0
Real Taxon 10 : 0
Real Taxon 11 : 0
Real Taxon 12 : 0
Real Taxon 13 : 0
Real Taxon 14 : 1
Real Taxon 15 : 1
Real Taxon 16 : 1
Real Taxon 17 : 1
Real Taxon 18 : 1
Real Taxon 19 : 1
Real Taxon 20 : 1
Real Taxon 21 : 1
Real Taxon 22 : 0
Real Taxon 23 : 0
Real Taxon 24 : 0
Real Taxon 25 : 0
Level: 1
#iterations: 0
Level: 2
#iterations: 0
Level: 3
#iterations: 1
Level: 4
#iterations: 1
Level: 3
#iterations: 0
Level: 4
#iterations: 1
Level: 5
#iterations: 1
Level: 2
#iterations: 0
Level: 3
#iterations: 0
Level: 4
#iterations: 1
Level: 5
#iterations: 1
Level: 6
#iterations: 1
Level: 7
#iterations: 1
Level: 3
#iterations: 0
Level: 4
#iterations: 0
Level: 5
#iterations: 1
Level: 5
#iterations: 1
Level: 6
#iterations: 1
Level: 7
#iterations: 1
Level: 8
#iterations: 1
Level: 4
#iterations: 0
Level: 5
#iterations: 1
Level: 5
#iterations: 1

Elapsed Time taken = 18840 ms ==> 0 minutes and 18 seconds.
CPU time used: 0 minutes, 18 seconds
14
taxon count : 26
Gene trees count : 1000
Comp graph nodes count : 26648
Internal nodes count : 24613
Real Taxon 0 : 0
Real Taxon 1 : 0
Real Taxon 2 : 0
Real Taxon 3 : 0
Real Taxon 4 : 0
Real Taxon 5 : 0
Real Taxon 6 : 0
Real Taxon 7 : 0
Real Taxon 8 : 0
Real Taxon 9 : 0
Real Taxon 10 : 0
Real Taxon 11 : 0
Real Taxon 12 : 0
Real Taxon 13 : 0
Real Taxon 14 : 1
Real Taxon 15 : 1
Real Taxon 16 : 1
Real Taxon 17 : 1
Real Taxon 18 : 1
Real Taxon 19 : 1
Real Taxon 20 : 1
Real Taxon 21 : 0
Real Taxon 22 : 0
Real Taxon 23 : 0
Real Taxon 24 : 0
Real Taxon 25 : 0
Level: 1
#iterations: 0
Level: 2
#iterations: 0
Level: 3
#iterations: 1
Level: 3
#iterations: 0
Level: 4
#iterations: 1
Level: 5
#iterations: 1
Level: 2
#iterations: 0
Level: 3
#iterations: 1
Level: 4
#iterations: 1
Level: 5
#iterations: 1
Level: 6
#iterations: 1
Level: 7
#iterations: 1
Level: 8
#iterations: 1
Level: 9
#iterations: 1
Level: 3
#iterations: 0
Level: 4
#iterations: 0
Level: 5
#iterations: 1
Level: 6
#iterations: 1
Level: 7
#iterations: 1
Level: 8
#iterations: 1
Level: 4
#iterations: 0
Level: 5
#iterations: 1
Level: 5
#iterations: 1

Elapsed Time taken = 29356 ms ==> 0 minutes and 29 seconds.
CPU time used: 0 minutes, 28 seconds
15
taxon count : 26
Gene trees count : 1000
Comp graph nodes count : 23878
Internal nodes count : 19926
Real Taxon 0 : 1
Real Taxon 1 : 1
Real Taxon 2 : 0
Real Taxon 3 : 0
Real Taxon 4 : 1
Real Taxon 5 : 1
Real Taxon 6 : 1
Real Taxon 7 : 0
Real Taxon 8 : 0
Real Taxon 9 : 0
Real Taxon 10 : 0
Real Taxon 11 : 0
Real Taxon 12 : 1
Real Taxon 13 : 1
Real Taxon 14 : 0
Real Taxon 15 : 0
Real Taxon 16 : 1
Real Taxon 17 : 0
Real Taxon 18 : 0
Real Taxon 19 : 0
Real Taxon 20 : 0
Real Taxon 21 : 1
Real Taxon 22 : 0
Real Taxon 23 : 0
Real Taxon 24 : 0
Real Taxon 25 : 1
Level: 1
#iterations: 0
Level: 2
#iterations: 0
Level: 3
#iterations: 0
Level: 4
#iterations: 0
Level: 5
#iterations: 0
Level: 6
#iterations: 2
Level: 7
#iterations: 1
Level: 8
#iterations: 1
Level: 9
#iterations: 1
Level: 2
#iterations: 0
Level: 3
#iterations: 1
Level: 4
#iterations: 1
Level: 5
#iterations: 1
Level: 3
#iterations: 0
Level: 4
#iterations: 0
Level: 5
#iterations: 1
Level: 6
#iterations: 1
Level: 5
#iterations: 0
Level: 6
#iterations: 1
Level: 7
#iterations: 1
Level: 8
#iterations: 1
Level: 4
#iterations: 0
Level: 5
#iterations: 0

Elapsed Time taken = 24589 ms ==> 0 minutes and 24 seconds.
CPU time used: 0 minutes, 23 seconds
16
taxon count : 26
Gene trees count : 1000
Comp graph nodes count : 19315
Internal nodes count : 18873
Real Taxon 0 : 0
Real Taxon 1 : 0
Real Taxon 2 : 1
Real Taxon 3 : 1
Real Taxon 4 : 0
Real Taxon 5 : 0
Real Taxon 6 : 0
Real Taxon 7 : 1
Real Taxon 8 : 1
Real Taxon 9 : 0
Real Taxon 10 : 1
Real Taxon 11 : 1
Real Taxon 12 : 1
Real Taxon 13 : 1
Real Taxon 14 : 0
Real Taxon 15 : 0
Real Taxon 16 : 0
Real Taxon 17 : 0
Real Taxon 18 : 0
Real Taxon 19 : 0
Real Taxon 20 : 0
Real Taxon 21 : 1
Real Taxon 22 : 0
Real Taxon 23 : 1
Real Taxon 24 : 1
Real Taxon 25 : 0
Level: 1
#iterations: 0
Level: 2
#iterations: 0
Level: 3
#iterations: 0
Level: 4
#iterations: 1
Level: 4
#iterations: 1
Level: 5
#iterations: 1
Level: 3
#iterations: 1
Level: 4
#iterations: 1
Level: 5
#iterations: 1
Level: 6
#iterations: 1
Level: 2
#iterations: 0
Level: 3
#iterations: 0
Level: 4
#iterations: 1
Level: 4
#iterations: 0
Level: 3
#iterations: 0
Level: 4
#iterations: 1
Level: 5
#iterations: 1
Level: 4
#iterations: 0
Level: 5
#iterations: 0
Level: 6
#iterations: 0
Level: 7
#iterations: 1
Level: 7
#iterations: 1
Level: 6
#iterations: 1

Elapsed Time taken = 18250 ms ==> 0 minutes and 18 seconds.
CPU time used: 0 minutes, 17 seconds
17
taxon count : 26
Gene trees count : 1000
Comp graph nodes count : 18518
Internal nodes count : 18705
Real Taxon 0 : 1
Real Taxon 1 : 1
Real Taxon 2 : 1
Real Taxon 3 : 1
Real Taxon 4 : 0
Real Taxon 5 : 0
Real Taxon 6 : 0
Real Taxon 7 : 1
Real Taxon 8 : 0
Real Taxon 9 : 0
Real Taxon 10 : 0
Real Taxon 11 : 0
Real Taxon 12 : 1
Real Taxon 13 : 1
Real Taxon 14 : 1
Real Taxon 15 : 0
Real Taxon 16 : 0
Real Taxon 17 : 0
Real Taxon 18 : 0
Real Taxon 19 : 0
Real Taxon 20 : 0
Real Taxon 21 : 0
Real Taxon 22 : 0
Real Taxon 23 : 0
Real Taxon 24 : 1
Real Taxon 25 : 1
Level: 1
#iterations: 0
Level: 2
#iterations: 0
Level: 3
#iterations: 0
Level: 4
#iterations: 1
Level: 5
#iterations: 1
Level: 3
#iterations: 0
Level: 4
#iterations: 0
Level: 5
#iterations: 1
Level: 4
#iterations: 0
Level: 2
#iterations: 0
Level: 3
#iterations: 0
Level: 4
#iterations: 1
Level: 4
#iterations: 1
Level: 5
#iterations: 1
Level: 6
#iterations: 1
Level: 7
#iterations: 1
Level: 8
#iterations: 1
Level: 3
#iterations: 0
Level: 4
#iterations: 1
Level: 5
#iterations: 1
Level: 4
#iterations: 0
Level: 5
#iterations: 1
Level: 5
#iterations: 1

Elapsed Time taken = 18246 ms ==> 0 minutes and 18 seconds.
CPU time used: 0 minutes, 17 seconds
18
taxon count : 26
Gene trees count : 1000
Comp graph nodes count : 15992
Internal nodes count : 19429
Real Taxon 0 : 0
Real Taxon 1 : 0
Real Taxon 2 : 0
Real Taxon 3 : 0
Real Taxon 4 : 1
Real Taxon 5 : 1
Real Taxon 6 : 1
Real Taxon 7 : 1
Real Taxon 8 : 1
Real Taxon 9 : 0
Real Taxon 10 : 0
Real Taxon 11 : 0
Real Taxon 12 : 0
Real Taxon 13 : 0
Real Taxon 14 : 0
Real Taxon 15 : 1
Real Taxon 16 : 1
Real Taxon 17 : 1
Real Taxon 18 : 1
Real Taxon 19 : 1
Real Taxon 20 : 1
Real Taxon 21 : 1
Real Taxon 22 : 1
Real Taxon 23 : 1
Real Taxon 24 : 0
Real Taxon 25 : 0
Level: 1
#iterations: 0
Level: 2
#iterations: 0
Level: 3
#iterations: 0
Level: 4
#iterations: 1
Level: 5
#iterations: 1
Level: 6
#iterations: 1
Level: 7
#iterations: 1
Level: 8
#iterations: 1
Level: 9
#iterations: 1
Level: 3
#iterations: 0
Level: 4
#iterations: 1
Level: 4
#iterations: 0
Level: 5
#iterations: 0
Level: 2
#iterations: 0
Level: 3
#iterations: 0
Level: 4
#iterations: 1
Level: 5
#iterations: 1
Level: 4
#iterations: 1
Level: 5
#iterations: 1
Level: 3
#iterations: 0
Level: 4
#iterations: 0
Level: 5
#iterations: 1
Level: 4
#iterations: 0

Elapsed Time taken = 18324 ms ==> 0 minutes and 18 seconds.
CPU time used: 0 minutes, 17 seconds
19
taxon count : 26
Gene trees count : 1000
Comp graph nodes count : 29718
Internal nodes count : 23203
Real Taxon 0 : 1
Real Taxon 1 : 1
Real Taxon 2 : 1
Real Taxon 3 : 1
Real Taxon 4 : 0
Real Taxon 5 : 0
Real Taxon 6 : 0
Real Taxon 7 : 0
Real Taxon 8 : 0
Real Taxon 9 : 0
Real Taxon 10 : 0
Real Taxon 11 : 0
Real Taxon 12 : 1
Real Taxon 13 : 1
Real Taxon 14 : 1
Real Taxon 15 : 0
Real Taxon 16 : 0
Real Taxon 17 : 0
Real Taxon 18 : 0
Real Taxon 19 : 0
Real Taxon 20 : 0
Real Taxon 21 : 0
Real Taxon 22 : 0
Real Taxon 23 : 0
Real Taxon 24 : 1
Real Taxon 25 : 1
Level: 1
#iterations: 0
Level: 2
#iterations: 0
Level: 3
#iterations: 1
Level: 3
#iterations: 0
Level: 4
#iterations: 0
Level: 5
#iterations: 1
Level: 5
#iterations: 1
Level: 6
#iterations: 1
Level: 2
#iterations: 0
Level: 3
#iterations: 1
Level: 4
#iterations: 1
Level: 5
#iterations: 1
Level: 6
#iterations: 3
Level: 7
#iterations: 2
Level: 8
#iterations: 1
Level: 9
#iterations: 1
Level: 10
#iterations: 1
Level: 11
#iterations: 2
Level: 12
#iterations: 1
Level: 13
#iterations: 1
Level: 14
#iterations: 1
Level: 15
#iterations: 1
Level: 16
#iterations: 1

Elapsed Time taken = 46430 ms ==> 0 minutes and 46 seconds.
CPU time used: 0 minutes, 45 seconds
20
taxon count : 26
Gene trees count : 1000
Comp graph nodes count : 29296
Internal nodes count : 20049
Real Taxon 0 : 0
Real Taxon 1 : 0
Real Taxon 2 : 0
Real Taxon 3 : 0
Real Taxon 4 : 1
Real Taxon 5 : 0
Real Taxon 6 : 0
Real Taxon 7 : 0
Real Taxon 8 : 0
Real Taxon 9 : 0
Real Taxon 10 : 0
Real Taxon 11 : 0
Real Taxon 12 : 0
Real Taxon 13 : 0
Real Taxon 14 : 0
Real Taxon 15 : 1
Real Taxon 16 : 1
Real Taxon 17 : 1
Real Taxon 18 : 1
Real Taxon 19 : 1
Real Taxon 20 : 1
Real Taxon 21 : 1
Real Taxon 22 : 1
Real Taxon 23 : 1
Real Taxon 24 : 0
Real Taxon 25 : 0
Level: 1
#iterations: 0
Level: 2
#iterations: 0
Level: 3
#iterations: 0
Level: 4
#iterations: 1
Level: 3
#iterations: 0
Level: 4
#iterations: 1
Level: 5
#iterations: 1
Level: 6
#iterations: 1
Level: 7
#iterations: 1
Level: 2
#iterations: 0
Level: 3
#iterations: 0
Level: 4
#iterations: 1
Level: 4
#iterations: 1
Level: 5
#iterations: 1
Level: 3
#iterations: 0
Level: 4
#iterations: 0
Level: 5
#iterations: 1
Level: 4
#iterations: 0
Level: 5
#iterations: 1
Level: 6
#iterations: 1
Level: 7
#iterations: 1
Level: 8
#iterations: 1
Level: 9
#iterations: 1

Elapsed Time taken = 25187 ms ==> 0 minutes and 25 seconds.
CPU time used: 0 minutes, 24 seconds
21
taxon count : 26
Gene trees count : 1000
Comp graph nodes count : 20940
Internal nodes count : 19540
Real Taxon 0 : 0
Real Taxon 1 : 0
Real Taxon 2 : 0
Real Taxon 3 : 0
Real Taxon 4 : 0
Real Taxon 5 : 0
Real Taxon 6 : 0
Real Taxon 7 : 0
Real Taxon 8 : 0
Real Taxon 9 : 0
Real Taxon 10 : 0
Real Taxon 11 : 0
Real Taxon 12 : 0
Real Taxon 13 : 0
Real Taxon 14 : 1
Real Taxon 15 : 1
Real Taxon 16 : 1
Real Taxon 17 : 1
Real Taxon 18 : 1
Real Taxon 19 : 1
Real Taxon 20 : 1
Real Taxon 21 : 1
Real Taxon 22 : 1
Real Taxon 23 : 0
Real Taxon 24 : 0
Real Taxon 25 : 0
Level: 1
#iterations: 0
Level: 2
#iterations: 0
Level: 3
#iterations: 1
Level: 4
#iterations: 1
Level: 5
#iterations: 1
Level: 6
#iterations: 1
Level: 3
#iterations: 0
Level: 4
#iterations: 1
Level: 2
#iterations: 0
Level: 3
#iterations: 0
Level: 4
#iterations: 0
Level: 5
#iterations: 1
Level: 6
#iterations: 1
Level: 5
#iterations: 1
Level: 3
#iterations: 0
Level: 4
#iterations: 1
Level: 4
#iterations: 0
Level: 5
#iterations: 0
Level: 6
#iterations: 1
Level: 7
#iterations: 1
Level: 5
#iterations: 1
Level: 6
#iterations: 1
Level: 7
#iterations: 1

Elapsed Time taken = 20569 ms ==> 0 minutes and 20 seconds.
CPU time used: 0 minutes, 19 seconds
22
taxon count : 26
Gene trees count : 1000
Comp graph nodes count : 46039
Internal nodes count : 26544
Real Taxon 0 : 0
Real Taxon 1 : 0
Real Taxon 2 : 0
Real Taxon 3 : 1
Real Taxon 4 : 0
Real Taxon 5 : 0
Real Taxon 6 : 0
Real Taxon 7 : 0
Real Taxon 8 : 0
Real Taxon 9 : 0
Real Taxon 10 : 0
Real Taxon 11 : 0
Real Taxon 12 : 0
Real Taxon 13 : 0
Real Taxon 14 : 1
Real Taxon 15 : 0
Real Taxon 16 : 1
Real Taxon 17 : 0
Real Taxon 18 : 0
Real Taxon 19 : 0
Real Taxon 20 : 1
Real Taxon 21 : 0
Real Taxon 22 : 0
Real Taxon 23 : 0
Real Taxon 24 : 0
Real Taxon 25 : 0
Level: 1
#iterations: 0
Level: 2
#iterations: 1
Level: 3
#iterations: 1
Level: 2
#iterations: 0
Level: 3
#iterations: 0
Level: 4
#iterations: 0
Level: 5
#iterations: 1
Level: 6
#iterations: 0
Level: 7
#iterations: 1
Level: 8
#iterations: 1
Level: 9
#iterations: 3
Level: 10
#iterations: 2
Level: 11
#iterations: 1
Level: 12
#iterations: 2
Level: 13
#iterations: 2
Level: 14
#iterations: 0
Level: 15
#iterations: 1
Level: 16
#iterations: 1
Level: 17
#iterations: 1
Level: 18
#iterations: 1
Level: 19
#iterations: 1
Level: 20
#iterations: 1
Level: 21
#iterations: 1

Elapsed Time taken = 88345 ms ==> 1 minutes and 28 seconds.
CPU time used: 1 minutes, 26 seconds
23
taxon count : 26
Gene trees count : 1000
Comp graph nodes count : 21324
Internal nodes count : 21398
Real Taxon 0 : 0
Real Taxon 1 : 0
Real Taxon 2 : 0
Real Taxon 3 : 0
Real Taxon 4 : 1
Real Taxon 5 : 0
Real Taxon 6 : 0
Real Taxon 7 : 0
Real Taxon 8 : 0
Real Taxon 9 : 0
Real Taxon 10 : 0
Real Taxon 11 : 0
Real Taxon 12 : 0
Real Taxon 13 : 0
Real Taxon 14 : 1
Real Taxon 15 : 1
Real Taxon 16 : 1
Real Taxon 17 : 1
Real Taxon 18 : 1
Real Taxon 19 : 1
Real Taxon 20 : 1
Real Taxon 21 : 1
Real Taxon 22 : 1
Real Taxon 23 : 1
Real Taxon 24 : 0
Real Taxon 25 : 0
Level: 1
#iterations: 0
Level: 2
#iterations: 0
Level: 3
#iterations: 0
Level: 4
#iterations: 1
Level: 5
#iterations: 1
Level: 6
#iterations: 1
Level: 3
#iterations: 0
Level: 4
#iterations: 0
Level: 4
#iterations: 0
Level: 5
#iterations: 1
Level: 2
#iterations: 0
Level: 3
#iterations: 0
Level: 4
#iterations: 1
Level: 5
#iterations: 1
Level: 6
#iterations: 1
Level: 4
#iterations: 1
Level: 3
#iterations: 0
Level: 4
#iterations: 0
Level: 5
#iterations: 2
Level: 6
#iterations: 1
Level: 7
#iterations: 1
Level: 8
#iterations: 1
Level: 4
#iterations: 1

Elapsed Time taken = 21826 ms ==> 0 minutes and 21 seconds.
CPU time used: 0 minutes, 21 seconds
24
taxon count : 26
Gene trees count : 1000
Comp graph nodes count : 25686
Internal nodes count : 23210
Real Taxon 0 : 1
Real Taxon 1 : 0
Real Taxon 2 : 0
Real Taxon 3 : 0
Real Taxon 4 : 0
Real Taxon 5 : 1
Real Taxon 6 : 0
Real Taxon 7 : 0
Real Taxon 8 : 0
Real Taxon 9 : 1
Real Taxon 10 : 1
Real Taxon 11 : 0
Real Taxon 12 : 1
Real Taxon 13 : 1
Real Taxon 14 : 0
Real Taxon 15 : 1
Real Taxon 16 : 0
Real Taxon 17 : 1
Real Taxon 18 : 1
Real Taxon 19 : 0
Real Taxon 20 : 1
Real Taxon 21 : 1
Real Taxon 22 : 1
Real Taxon 23 : 1
Real Taxon 24 : 0
Real Taxon 25 : 0
Level: 1
#iterations: 0
Level: 2
#iterations: 1
Level: 3
#iterations: 1
Level: 4
#iterations: 1
Level: 5
#iterations: 1
Level: 6
#iterations: 2
Level: 7
#iterations: 2
Level: 8
#iterations: 1
Level: 9
#iterations: 1
Level: 10
#iterations: 1
Level: 11
#iterations: 1
Level: 12
#iterations: 1
Level: 2
#iterations: 0
Level: 3
#iterations: 0
Level: 4
#iterations: 1
Level: 5
#iterations: 1
Level: 6
#iterations: 1
Level: 5
#iterations: 1
Level: 6
#iterations: 1
Level: 3
#iterations: 0
Level: 4
#iterations: 0
Level: 4
#iterations: 0
Level: 5
#iterations: 0

Elapsed Time taken = 33280 ms ==> 0 minutes and 33 seconds.
CPU time used: 0 minutes, 32 seconds
25
taxon count : 26
Gene trees count : 1000
Comp graph nodes count : 19038
Internal nodes count : 20942
Real Taxon 0 : 0
Real Taxon 1 : 0
Real Taxon 2 : 0
Real Taxon 3 : 0
Real Taxon 4 : 1
Real Taxon 5 : 1
Real Taxon 6 : 1
Real Taxon 7 : 1
Real Taxon 8 : 0
Real Taxon 9 : 0
Real Taxon 10 : 0
Real Taxon 11 : 0
Real Taxon 12 : 0
Real Taxon 13 : 0
Real Taxon 14 : 0
Real Taxon 15 : 1
Real Taxon 16 : 1
Real Taxon 17 : 1
Real Taxon 18 : 1
Real Taxon 19 : 1
Real Taxon 20 : 1
Real Taxon 21 : 1
Real Taxon 22 : 1
Real Taxon 23 : 1
Real Taxon 24 : 0
Real Taxon 25 : 0
Level: 1
#iterations: 0
Level: 2
#iterations: 0
Level: 3
#iterations: 0
Level: 4
#iterations: 1
Level: 4
#iterations: 2
Level: 5
#iterations: 1
Level: 6
#iterations: 1
Level: 7
#iterations: 1
Level: 8
#iterations: 1
Level: 9
#iterations: 1
Level: 3
#iterations: 0
Level: 4
#iterations: 1
Level: 2
#iterations: 0
Level: 3
#iterations: 0
Level: 4
#iterations: 1
Level: 4
#iterations: 1
Level: 3
#iterations: 0
Level: 4
#iterations: 1
Level: 4
#iterations: 0
Level: 5
#iterations: 0
Level: 6
#iterations: 0
Level: 7
#iterations: 1
Level: 8
#iterations: 1

Elapsed Time taken = 22634 ms ==> 0 minutes and 22 seconds.
CPU time used: 0 minutes, 21 seconds
26
taxon count : 26
Gene trees count : 1000
Comp graph nodes count : 20844
Internal nodes count : 21691
Real Taxon 0 : 0
Real Taxon 1 : 0
Real Taxon 2 : 1
Real Taxon 3 : 1
Real Taxon 4 : 1
Real Taxon 5 : 0
Real Taxon 6 : 1
Real Taxon 7 : 1
Real Taxon 8 : 1
Real Taxon 9 : 0
Real Taxon 10 : 0
Real Taxon 11 : 0
Real Taxon 12 : 0
Real Taxon 13 : 1
Real Taxon 14 : 0
Real Taxon 15 : 0
Real Taxon 16 : 0
Real Taxon 17 : 0
Real Taxon 18 : 0
Real Taxon 19 : 0
Real Taxon 20 : 0
Real Taxon 21 : 1
Real Taxon 22 : 1
Real Taxon 23 : 1
Real Taxon 24 : 1
Real Taxon 25 : 0
Level: 1
#iterations: 0
Level: 2
#iterations: 1
Level: 3
#iterations: 2
Level: 4
#iterations: 1
Level: 5
#iterations: 2
Level: 6
#iterations: 3
Level: 7
#iterations: 1
Level: 8
#iterations: 1
Level: 9
#iterations: 1
Level: 10
#iterations: 1
Level: 2
#iterations: 0
Level: 3
#iterations: 0
Level: 4
#iterations: 0
Level: 5
#iterations: 1
Level: 6
#iterations: 1
Level: 7
#iterations: 1
Level: 3
#iterations: 0
Level: 4
#iterations: 0
Level: 5
#iterations: 1
Level: 6
#iterations: 1
Level: 5
#iterations: 1
Level: 4
#iterations: 0
Level: 5
#iterations: 1

Elapsed Time taken = 29294 ms ==> 0 minutes and 29 seconds.
CPU time used: 0 minutes, 28 seconds
27
taxon count : 26
Gene trees count : 1000
Comp graph nodes count : 30863
Internal nodes count : 20044
Real Taxon 0 : 0
Real Taxon 1 : 0
Real Taxon 2 : 0
Real Taxon 3 : 0
Real Taxon 4 : 0
Real Taxon 5 : 0
Real Taxon 6 : 0
Real Taxon 7 : 0
Real Taxon 8 : 0
Real Taxon 9 : 0
Real Taxon 10 : 0
Real Taxon 11 : 0
Real Taxon 12 : 0
Real Taxon 13 : 0
Real Taxon 14 : 1
Real Taxon 15 : 1
Real Taxon 16 : 1
Real Taxon 17 : 1
Real Taxon 18 : 0
Real Taxon 19 : 0
Real Taxon 20 : 0
Real Taxon 21 : 0
Real Taxon 22 : 0
Real Taxon 23 : 0
Real Taxon 24 : 0
Real Taxon 25 : 0
Level: 1
#iterations: 0
Level: 2
#iterations: 0
Level: 3
#iterations: 0
Level: 2
#iterations: 0
Level: 3
#iterations: 1
Level: 4
#iterations: 1
Level: 5
#iterations: 1
Level: 6
#iterations: 1
Level: 3
#iterations: 0
Level: 4
#iterations: 1
Level: 4
#iterations: 0
Level: 5
#iterations: 1
Level: 6
#iterations: 1
Level: 7
#iterations: 1
Level: 5
#iterations: 0
Level: 6
#iterations: 0
Level: 7
#iterations: 0
Level: 8
#iterations: 0
Level: 9
#iterations: 1
Level: 10
#iterations: 1
Level: 11
#iterations: 1
Level: 12
#iterations: 1
Level: 11
#iterations: 1

Elapsed Time taken = 31058 ms ==> 0 minutes and 31 seconds.
CPU time used: 0 minutes, 30 seconds
28
taxon count : 26
Gene trees count : 1000
Comp graph nodes count : 22544
Internal nodes count : 20081
Real Taxon 0 : 0
Real Taxon 1 : 0
Real Taxon 2 : 0
Real Taxon 3 : 0
Real Taxon 4 : 0
Real Taxon 5 : 0
Real Taxon 6 : 0
Real Taxon 7 : 1
Real Taxon 8 : 1
Real Taxon 9 : 0
Real Taxon 10 : 1
Real Taxon 11 : 0
Real Taxon 12 : 1
Real Taxon 13 : 0
Real Taxon 14 : 0
Real Taxon 15 : 0
Real Taxon 16 : 1
Real Taxon 17 : 0
Real Taxon 18 : 0
Real Taxon 19 : 1
Real Taxon 20 : 0
Real Taxon 21 : 0
Real Taxon 22 : 1
Real Taxon 23 : 1
Real Taxon 24 : 1
Real Taxon 25 : 0
Level: 1
#iterations: 0
Level: 2
#iterations: 0
Level: 3
#iterations: 1
Level: 4
#iterations: 1
Level: 5
#iterations: 1
Level: 3
#iterations: 0
Level: 4
#iterations: 1
Level: 5
#iterations: 1
Level: 2
#iterations: 0
Level: 3
#iterations: 0
Level: 4
#iterations: 0
Level: 5
#iterations: 1
Level: 5
#iterations: 1
Level: 3
#iterations: 0
Level: 4
#iterations: 0
Level: 5
#iterations: 1
Level: 6
#iterations: 1
Level: 4
#iterations: 0
Level: 5
#iterations: 0
Level: 6
#iterations: 1
Level: 7
#iterations: 1
Level: 8
#iterations: 1
Level: 5
#iterations: 1

Elapsed Time taken = 21307 ms ==> 0 minutes and 21 seconds.
CPU time used: 0 minutes, 20 seconds
29
taxon count : 26
Gene trees count : 1000
Comp graph nodes count : 19253
Internal nodes count : 21421
Real Taxon 0 : 1
Real Taxon 1 : 1
Real Taxon 2 : 1
Real Taxon 3 : 1
Real Taxon 4 : 0
Real Taxon 5 : 0
Real Taxon 6 : 0
Real Taxon 7 : 1
Real Taxon 8 : 1
Real Taxon 9 : 1
Real Taxon 10 : 1
Real Taxon 11 : 1
Real Taxon 12 : 1
Real Taxon 13 : 1
Real Taxon 14 : 0
Real Taxon 15 : 0
Real Taxon 16 : 0
Real Taxon 17 : 0
Real Taxon 18 : 0
Real Taxon 19 : 0
Real Taxon 20 : 0
Real Taxon 21 : 0
Real Taxon 22 : 0
Real Taxon 23 : 0
Real Taxon 24 : 1
Real Taxon 25 : 1
Level: 1
#iterations: 0
Level: 2
#iterations: 0
Level: 3
#iterations: 0
Level: 4
#iterations: 1
Level: 5
#iterations: 1
Level: 6
#iterations: 1
Level: 7
#iterations: 1
Level: 8
#iterations: 1
Level: 3
#iterations: 0
Level: 4
#iterations: 0
Level: 5
#iterations: 1
Level: 6
#iterations: 1
Level: 2
#iterations: 0
Level: 3
#iterations: 1
Level: 3
#iterations: 0
Level: 4
#iterations: 0
Level: 5
#iterations: 1
Level: 5
#iterations: 0
Level: 6
#iterations: 1
Level: 7
#iterations: 1
Level: 8
#iterations: 1
Level: 9
#iterations: 1
Level: 8
#iterations: 1

Elapsed Time taken = 24450 ms ==> 0 minutes and 24 seconds.
CPU time used: 0 minutes, 23 seconds
30
taxon count : 26
Gene trees count : 1000
Comp graph nodes count : 30814
Internal nodes count : 23446
Real Taxon 0 : 1
Real Taxon 1 : 1
Real Taxon 2 : 0
Real Taxon 3 : 0
Real Taxon 4 : 0
Real Taxon 5 : 0
Real Taxon 6 : 0
Real Taxon 7 : 0
Real Taxon 8 : 1
Real Taxon 9 : 1
Real Taxon 10 : 1
Real Taxon 11 : 1
Real Taxon 12 : 0
Real Taxon 13 : 1
Real Taxon 14 : 0
Real Taxon 15 : 1
Real Taxon 16 : 1
Real Taxon 17 : 1
Real Taxon 18 : 1
Real Taxon 19 : 0
Real Taxon 20 : 0
Real Taxon 21 : 0
Real Taxon 22 : 0
Real Taxon 23 : 1
Real Taxon 24 : 0
Real Taxon 25 : 0
Level: 1
#iterations: 0
Level: 2
#iterations: 0
Level: 3
#iterations: 2
Level: 4
#iterations: 1
Level: 5
#iterations: 1
Level: 6
#iterations: 1
Level: 7
#iterations: 1
Level: 8
#iterations: 1
Level: 9
#iterations: 1
Level: 10
#iterations: 1
Level: 11
#iterations: 1
Level: 2
#iterations: 0
Level: 3
#iterations: 1
Level: 4
#iterations: 1
Level: 5
#iterations: 1
Level: 6
#iterations: 1
Level: 3
#iterations: 0
Level: 4
#iterations: 0
Level: 4
#iterations: 0
Level: 5
#iterations: 1
Level: 6
#iterations: 1
Level: 7
#iterations: 1
Level: 5
#iterations: 1

Elapsed Time taken = 33826 ms ==> 0 minutes and 33 seconds.
CPU time used: 0 minutes, 32 seconds
31
taxon count : 26
Gene trees count : 1000
Comp graph nodes count : 14114
Internal nodes count : 18993
Real Taxon 0 : 0
Real Taxon 1 : 0
Real Taxon 2 : 0
Real Taxon 3 : 0
Real Taxon 4 : 0
Real Taxon 5 : 0
Real Taxon 6 : 0
Real Taxon 7 : 0
Real Taxon 8 : 0
Real Taxon 9 : 0
Real Taxon 10 : 0
Real Taxon 11 : 0
Real Taxon 12 : 0
Real Taxon 13 : 0
Real Taxon 14 : 1
Real Taxon 15 : 1
Real Taxon 16 : 1
Real Taxon 17 : 1
Real Taxon 18 : 1
Real Taxon 19 : 1
Real Taxon 20 : 1
Real Taxon 21 : 1
Real Taxon 22 : 1
Real Taxon 23 : 0
Real Taxon 24 : 0
Real Taxon 25 : 0
Level: 1
#iterations: 0
Level: 2
#iterations: 0
Level: 3
#iterations: 2
Level: 4
#iterations: 1
Level: 5
#iterations: 1
Level: 6
#iterations: 1
Level: 3
#iterations: 0
Level: 4
#iterations: 0
Level: 2
#iterations: 0
Level: 3
#iterations: 0
Level: 4
#iterations: 1
Level: 5
#iterations: 1
Level: 6
#iterations: 1
Level: 7
#iterations: 1
Level: 8
#iterations: 1
Level: 3
#iterations: 0
Level: 4
#iterations: 1
Level: 5
#iterations: 1
Level: 4
#iterations: 0
Level: 5
#iterations: 0
Level: 6
#iterations: 1
Level: 7
#iterations: 1
Level: 8
#iterations: 1

Elapsed Time taken = 19342 ms ==> 0 minutes and 19 seconds.
CPU time used: 0 minutes, 18 seconds
32
taxon count : 26
Gene trees count : 1000
Comp graph nodes count : 20751
Internal nodes count : 20316
Real Taxon 0 : 1
Real Taxon 1 : 1
Real Taxon 2 : 1
Real Taxon 3 : 1
Real Taxon 4 : 0
Real Taxon 5 : 0
Real Taxon 6 : 0
Real Taxon 7 : 0
Real Taxon 8 : 0
Real Taxon 9 : 0
Real Taxon 10 : 0
Real Taxon 11 : 1
Real Taxon 12 : 1
Real Taxon 13 : 1
Real Taxon 14 : 0
Real Taxon 15 : 0
Real Taxon 16 : 0
Real Taxon 17 : 0
Real Taxon 18 : 0
Real Taxon 19 : 0
Real Taxon 20 : 0
Real Taxon 21 : 0
Real Taxon 22 : 0
Real Taxon 23 : 0
Real Taxon 24 : 1
Real Taxon 25 : 1
Level: 1
#iterations: 0
Level: 2
#iterations: 0
Level: 3
#iterations: 1
Level: 3
#iterations: 0
Level: 4
#iterations: 0
Level: 5
#iterations: 1
Level: 4
#iterations: 0
Level: 5
#iterations: 1
Level: 2
#iterations: 0
Level: 3
#iterations: 1
Level: 4
#iterations: 1
Level: 5
#iterations: 1
Level: 6
#iterations: 1
Level: 7
#iterations: 1
Level: 8
#iterations: 1
Level: 9
#iterations: 1
Level: 3
#iterations: 0
Level: 4
#iterations: 1
Level: 4
#iterations: 0
Level: 5
#iterations: 1
Level: 6
#iterations: 1
Level: 7
#iterations: 1
Level: 5
#iterations: 0

Elapsed Time taken = 22038 ms ==> 0 minutes and 22 seconds.
CPU time used: 0 minutes, 21 seconds
33
taxon count : 26
Gene trees count : 1000
Comp graph nodes count : 17824
Internal nodes count : 17529
Real Taxon 0 : 0
Real Taxon 1 : 0
Real Taxon 2 : 0
Real Taxon 3 : 0
Real Taxon 4 : 1
Real Taxon 5 : 1
Real Taxon 6 : 1
Real Taxon 7 : 1
Real Taxon 8 : 1
Real Taxon 9 : 1
Real Taxon 10 : 1
Real Taxon 11 : 0
Real Taxon 12 : 0
Real Taxon 13 : 0
Real Taxon 14 : 0
Real Taxon 15 : 1
Real Taxon 16 : 1
Real Taxon 17 : 1
Real Taxon 18 : 1
Real Taxon 19 : 1
Real Taxon 20 : 1
Real Taxon 21 : 1
Real Taxon 22 : 1
Real Taxon 23 : 1
Real Taxon 24 : 0
Real Taxon 25 : 0
Level: 1
#iterations: 0
Level: 2
#iterations: 0
Level: 3
#iterations: 1
Level: 4
#iterations: 1
Level: 4
#iterations: 1
Level: 5
#iterations: 1
Level: 6
#iterations: 1
Level: 3
#iterations: 0
Level: 4
#iterations: 0
Level: 5
#iterations: 1
Level: 6
#iterations: 2
Level: 7
#iterations: 1
Level: 8
#iterations: 1
Level: 9
#iterations: 1
Level: 10
#iterations: 1
Level: 2
#iterations: 0
Level: 3
#iterations: 0
Level: 4
#iterations: 1
Level: 3
#iterations: 0
Level: 4
#iterations: 0
Level: 5
#iterations: 0
Level: 4
#iterations: 0
Level: 5
#iterations: 0

Elapsed Time taken = 19048 ms ==> 0 minutes and 19 seconds.
CPU time used: 0 minutes, 18 seconds
34
taxon count : 26
Gene trees count : 1000
Comp graph nodes count : 22372
Internal nodes count : 20834
Real Taxon 0 : 0
Real Taxon 1 : 0
Real Taxon 2 : 0
Real Taxon 3 : 0
Real Taxon 4 : 0
Real Taxon 5 : 0
Real Taxon 6 : 0
Real Taxon 7 : 0
Real Taxon 8 : 0
Real Taxon 9 : 0
Real Taxon 10 : 0
Real Taxon 11 : 0
Real Taxon 12 : 0
Real Taxon 13 : 0
Real Taxon 14 : 1
Real Taxon 15 : 1
Real Taxon 16 : 1
Real Taxon 17 : 1
Real Taxon 18 : 1
Real Taxon 19 : 1
Real Taxon 20 : 1
Real Taxon 21 : 1
Real Taxon 22 : 1
Real Taxon 23 : 0
Real Taxon 24 : 0
Real Taxon 25 : 0
Level: 1
#iterations: 0
Level: 2
#iterations: 0
Level: 3
#iterations: 1
Level: 4
#iterations: 1
Level: 3
#iterations: 0
Level: 4
#iterations: 0
Level: 5
#iterations: 1
Level: 4
#iterations: 0
Level: 2
#iterations: 0
Level: 3
#iterations: 0
Level: 4
#iterations: 0
Level: 5
#iterations: 1
Level: 6
#iterations: 1
Level: 7
#iterations: 2
Level: 8
#iterations: 1
Level: 9
#iterations: 1
Level: 10
#iterations: 1
Level: 11
#iterations: 1
Level: 12
#iterations: 1
Level: 3
#iterations: 0
Level: 4
#iterations: 1
Level: 5
#iterations: 1
Level: 4
#iterations: 0

Elapsed Time taken = 25674 ms ==> 0 minutes and 25 seconds.
CPU time used: 0 minutes, 24 seconds
35
taxon count : 26
Gene trees count : 1000
Comp graph nodes count : 21317
Internal nodes count : 19568
Real Taxon 0 : 1
Real Taxon 1 : 1
Real Taxon 2 : 1
Real Taxon 3 : 1
Real Taxon 4 : 0
Real Taxon 5 : 0
Real Taxon 6 : 0
Real Taxon 7 : 0
Real Taxon 8 : 0
Real Taxon 9 : 0
Real Taxon 10 : 0
Real Taxon 11 : 0
Real Taxon 12 : 0
Real Taxon 13 : 1
Real Taxon 14 : 1
Real Taxon 15 : 0
Real Taxon 16 : 0
Real Taxon 17 : 0
Real Taxon 18 : 0
Real Taxon 19 : 0
Real Taxon 20 : 0
Real Taxon 21 : 0
Real Taxon 22 : 0
Real Taxon 23 : 0
Real Taxon 24 : 1
Real Taxon 25 : 1
Level: 1
#iterations: 0
Level: 2
#iterations: 0
Level: 3
#iterations: 0
Level: 3
#iterations: 0
Level: 4
#iterations: 0
Level: 5
#iterations: 1
Level: 4
#iterations: 0
Level: 2
#iterations: 0
Level: 3
#iterations: 0
Level: 4
#iterations: 1
Level: 4
#iterations: 1
Level: 5
#iterations: 2
Level: 6
#iterations: 1
Level: 7
#iterations: 1
Level: 3
#iterations: 0
Level: 4
#iterations: 0
Level: 5
#iterations: 1
Level: 5
#iterations: 0
Level: 6
#iterations: 1
Level: 7
#iterations: 1
Level: 8
#iterations: 1
Level: 4
#iterations: 0
Level: 5
#iterations: 1

Elapsed Time taken = 19930 ms ==> 0 minutes and 19 seconds.
CPU time used: 0 minutes, 19 seconds
36
taxon count : 26
Gene trees count : 1000
Comp graph nodes count : 34166
Internal nodes count : 22657
Real Taxon 0 : 0
Real Taxon 1 : 0
Real Taxon 2 : 0
Real Taxon 3 : 0
Real Taxon 4 : 0
Real Taxon 5 : 0
Real Taxon 6 : 0
Real Taxon 7 : 0
Real Taxon 8 : 0
Real Taxon 9 : 0
Real Taxon 10 : 0
Real Taxon 11 : 0
Real Taxon 12 : 0
Real Taxon 13 : 0
Real Taxon 14 : 1
Real Taxon 15 : 1
Real Taxon 16 : 1
Real Taxon 17 : 1
Real Taxon 18 : 1
Real Taxon 19 : 0
Real Taxon 20 : 0
Real Taxon 21 : 0
Real Taxon 22 : 0
Real Taxon 23 : 0
Real Taxon 24 : 0
Real Taxon 25 : 0
Level: 1
#iterations: 0
Level: 2
#iterations: 0
Level: 3
#iterations: 0
Level: 4
#iterations: 1
Level: 2
#iterations: 0
Level: 3
#iterations: 0
Level: 4
#iterations: 2
Level: 5
#iterations: 1
Level: 6
#iterations: 1
Level: 4
#iterations: 0
Level: 5
#iterations: 1
Level: 6
#iterations: 2
Level: 7
#iterations: 1
Level: 8
#iterations: 1
Level: 9
#iterations: 1
Level: 10
#iterations: 1
Level: 11
#iterations: 1
Level: 3
#iterations: 0
Level: 4
#iterations: 1
Level: 5
#iterations: 1
Level: 4
#iterations: 0
Level: 5
#iterations: 1
Level: 6
#iterations: 1

Elapsed Time taken = 34711 ms ==> 0 minutes and 34 seconds.
CPU time used: 0 minutes, 33 seconds
37
taxon count : 26
Gene trees count : 1000
Comp graph nodes count : 22652
Internal nodes count : 20141
Real Taxon 0 : 0
Real Taxon 1 : 0
Real Taxon 2 : 0
Real Taxon 3 : 0
Real Taxon 4 : 0
Real Taxon 5 : 0
Real Taxon 6 : 0
Real Taxon 7 : 0
Real Taxon 8 : 0
Real Taxon 9 : 0
Real Taxon 10 : 0
Real Taxon 11 : 0
Real Taxon 12 : 0
Real Taxon 13 : 0
Real Taxon 14 : 1
Real Taxon 15 : 1
Real Taxon 16 : 1
Real Taxon 17 : 1
Real Taxon 18 : 1
Real Taxon 19 : 1
Real Taxon 20 : 1
Real Taxon 21 : 1
Real Taxon 22 : 0
Real Taxon 23 : 0
Real Taxon 24 : 0
Real Taxon 25 : 0
Level: 1
#iterations: 0
Level: 2
#iterations: 0
Level: 3
#iterations: 0
Level: 4
#iterations: 1
Level: 5
#iterations: 1
Level: 6
#iterations: 1
Level: 5
#iterations: 1
Level: 2
#iterations: 0
Level: 3
#iterations: 0
Level: 4
#iterations: 1
Level: 5
#iterations: 1
Level: 6
#iterations: 1
Level: 4
#iterations: 1
Level: 5
#iterations: 1
Level: 6
#iterations: 1
Level: 7
#iterations: 1
Level: 8
#iterations: 1
Level: 3
#iterations: 0
Level: 4
#iterations: 1
Level: 4
#iterations: 0
Level: 5
#iterations: 1
Level: 5
#iterations: 1
Level: 6
#iterations: 1

Elapsed Time taken = 22233 ms ==> 0 minutes and 22 seconds.
CPU time used: 0 minutes, 21 seconds
38
taxon count : 26
Gene trees count : 1000
Comp graph nodes count : 23063
Internal nodes count : 19644
Real Taxon 0 : 1
Real Taxon 1 : 0
Real Taxon 2 : 1
Real Taxon 3 : 1
Real Taxon 4 : 1
Real Taxon 5 : 1
Real Taxon 6 : 1
Real Taxon 7 : 1
Real Taxon 8 : 1
Real Taxon 9 : 1
Real Taxon 10 : 1
Real Taxon 11 : 1
Real Taxon 12 : 0
Real Taxon 13 : 0
Real Taxon 14 : 0
Real Taxon 15 : 0
Real Taxon 16 : 0
Real Taxon 17 : 0
Real Taxon 18 : 0
Real Taxon 19 : 1
Real Taxon 20 : 1
Real Taxon 21 : 0
Real Taxon 22 : 1
Real Taxon 23 : 0
Real Taxon 24 : 1
Real Taxon 25 : 1
Level: 1
#iterations: 0
Level: 2
#iterations: 0
Level: 3
#iterations: 0
Level: 4
#iterations: 1
Level: 5
#iterations: 1
Level: 6
#iterations: 1
Level: 3
#iterations: 0
Level: 4
#iterations: 0
Level: 5
#iterations: 1
Level: 5
#iterations: 1
Level: 4
#iterations: 0
Level: 5
#iterations: 1
Level: 5
#iterations: 0
Level: 6
#iterations: 1
Level: 7
#iterations: 1
Level: 2
#iterations: 0
Level: 3
#iterations: 0
Level: 4
#iterations: 0
Level: 5
#iterations: 1
Level: 3
#iterations: 0
Level: 4
#iterations: 1
Level: 4
#iterations: 0
Level: 5
#iterations: 0

Elapsed Time taken = 19735 ms ==> 0 minutes and 19 seconds.
CPU time used: 0 minutes, 19 seconds
39
taxon count : 26
Gene trees count : 1000
Comp graph nodes count : 22046
Internal nodes count : 21194
Real Taxon 0 : 1
Real Taxon 1 : 1
Real Taxon 2 : 1
Real Taxon 3 : 1
Real Taxon 4 : 1
Real Taxon 5 : 1
Real Taxon 6 : 1
Real Taxon 7 : 1
Real Taxon 8 : 1
Real Taxon 9 : 1
Real Taxon 10 : 1
Real Taxon 11 : 1
Real Taxon 12 : 1
Real Taxon 13 : 1
Real Taxon 14 : 0
Real Taxon 15 : 0
Real Taxon 16 : 0
Real Taxon 17 : 0
Real Taxon 18 : 0
Real Taxon 19 : 0
Real Taxon 20 : 0
Real Taxon 21 : 0
Real Taxon 22 : 0
Real Taxon 23 : 0
Real Taxon 24 : 1
Real Taxon 25 : 1
Level: 1
#iterations: 0
Level: 2
#iterations: 0
Level: 3
#iterations: 1
Level: 4
#iterations: 1
Level: 5
#iterations: 1
Level: 6
#iterations: 1
Level: 7
#iterations: 1
Level: 8
#iterations: 1
Level: 3
#iterations: 0
Level: 4
#iterations: 1
Level: 4
#iterations: 0
Level: 5
#iterations: 0
Level: 6
#iterations: 1
Level: 7
#iterations: 1
Level: 8
#iterations: 1
Level: 2
#iterations: 0
Level: 3
#iterations: 1
Level: 4
#iterations: 1
Level: 5
#iterations: 1
Level: 6
#iterations: 1
Level: 7
#iterations: 1
Level: 3
#iterations: 0
Level: 4
#iterations: 0

Elapsed Time taken = 24427 ms ==> 0 minutes and 24 seconds.
CPU time used: 0 minutes, 23 seconds
40
taxon count : 26
Gene trees count : 1000
Comp graph nodes count : 16914
Internal nodes count : 18478
Real Taxon 0 : 1
Real Taxon 1 : 1
Real Taxon 2 : 1
Real Taxon 3 : 1
Real Taxon 4 : 0
Real Taxon 5 : 0
Real Taxon 6 : 1
Real Taxon 7 : 1
Real Taxon 8 : 1
Real Taxon 9 : 0
Real Taxon 10 : 1
Real Taxon 11 : 1
Real Taxon 12 : 1
Real Taxon 13 : 0
Real Taxon 14 : 0
Real Taxon 15 : 0
Real Taxon 16 : 0
Real Taxon 17 : 0
Real Taxon 18 : 0
Real Taxon 19 : 0
Real Taxon 20 : 0
Real Taxon 21 : 0
Real Taxon 22 : 0
Real Taxon 23 : 1
Real Taxon 24 : 0
Real Taxon 25 : 1
Level: 1
#iterations: 0
Level: 2
#iterations: 0
Level: 3
#iterations: 1
Level: 3
#iterations: 0
Level: 4
#iterations: 1
Level: 4
#iterations: 0
Level: 5
#iterations: 1
Level: 5
#iterations: 0
Level: 6
#iterations: 0
Level: 6
#iterations: 1
Level: 7
#iterations: 1
Level: 2
#iterations: 0
Level: 3
#iterations: 0
Level: 4
#iterations: 1
Level: 5
#iterations: 1
Level: 4
#iterations: 1
Level: 5
#iterations: 1
Level: 3
#iterations: 0
Level: 4
#iterations: 0
Level: 4
#iterations: 0
Level: 5
#iterations: 0
Level: 6
#iterations: 1
Level: 5
#iterations: 1

Elapsed Time taken = 16968 ms ==> 0 minutes and 16 seconds.
CPU time used: 0 minutes, 16 seconds
41
taxon count : 26
Gene trees count : 1000
Comp graph nodes count : 23064
Internal nodes count : 19673
Real Taxon 0 : 1
Real Taxon 1 : 1
Real Taxon 2 : 1
Real Taxon 3 : 1
Real Taxon 4 : 1
Real Taxon 5 : 1
Real Taxon 6 : 1
Real Taxon 7 : 0
Real Taxon 8 : 1
Real Taxon 9 : 0
Real Taxon 10 : 1
Real Taxon 11 : 0
Real Taxon 12 : 1
Real Taxon 13 : 0
Real Taxon 14 : 0
Real Taxon 15 : 0
Real Taxon 16 : 0
Real Taxon 17 : 0
Real Taxon 18 : 0
Real Taxon 19 : 1
Real Taxon 20 : 1
Real Taxon 21 : 1
Real Taxon 22 : 1
Real Taxon 23 : 1
Real Taxon 24 : 0
Real Taxon 25 : 1
Level: 1
#iterations: 0
Level: 2
#iterations: 0
Level: 3
#iterations: 0
Level: 4
#iterations: 1
Level: 5
#iterations: 1
Level: 6
#iterations: 1
Level: 7
#iterations: 1
Level: 3
#iterations: 0
Level: 4
#iterations: 1
Level: 5
#iterations: 1
Level: 4
#iterations: 0
Level: 5
#iterations: 0
Level: 6
#iterations: 0
Level: 7
#iterations: 1
Level: 5
#iterations: 1
Level: 2
#iterations: 0
Level: 3
#iterations: 0
Level: 4
#iterations: 0
Level: 5
#iterations: 1
Level: 4
#iterations: 1
Level: 3
#iterations: 0
Level: 4
#iterations: 0
Level: 4
#iterations: 0

Elapsed Time taken = 19720 ms ==> 0 minutes and 19 seconds.
CPU time used: 0 minutes, 18 seconds
42
taxon count : 26
Gene trees count : 1000
Comp graph nodes count : 21209
Internal nodes count : 20374
Real Taxon 0 : 0
Real Taxon 1 : 0
Real Taxon 2 : 0
Real Taxon 3 : 0
Real Taxon 4 : 0
Real Taxon 5 : 0
Real Taxon 6 : 0
Real Taxon 7 : 0
Real Taxon 8 : 0
Real Taxon 9 : 0
Real Taxon 10 : 0
Real Taxon 11 : 0
Real Taxon 12 : 0
Real Taxon 13 : 0
Real Taxon 14 : 1
Real Taxon 15 : 1
Real Taxon 16 : 1
Real Taxon 17 : 1
Real Taxon 18 : 1
Real Taxon 19 : 1
Real Taxon 20 : 1
Real Taxon 21 : 1
Real Taxon 22 : 1
Real Taxon 23 : 0
Real Taxon 24 : 0
Real Taxon 25 : 0
Level: 1
#iterations: 0
Level: 2
#iterations: 0
Level: 3
#iterations: 0
Level: 4
#iterations: 1
Level: 4
#iterations: 1
Level: 3
#iterations: 0
Level: 4
#iterations: 0
Level: 5
#iterations: 1
Level: 2
#iterations: 0
Level: 3
#iterations: 2
Level: 4
#iterations: 1
Level: 5
#iterations: 1
Level: 3
#iterations: 0
Level: 4
#iterations: 0
Level: 5
#iterations: 1
Level: 5
#iterations: 0
Level: 6
#iterations: 1
Level: 6
#iterations: 1
Level: 4
#iterations: 0
Level: 5
#iterations: 1
Level: 6
#iterations: 1
Level: 7
#iterations: 1
Level: 8
#iterations: 1

Elapsed Time taken = 21424 ms ==> 0 minutes and 21 seconds.
CPU time used: 0 minutes, 20 seconds
43
taxon count : 26
Gene trees count : 1000
Comp graph nodes count : 14636
Internal nodes count : 16940
Real Taxon 0 : 0
Real Taxon 1 : 0
Real Taxon 2 : 0
Real Taxon 3 : 0
Real Taxon 4 : 0
Real Taxon 5 : 0
Real Taxon 6 : 0
Real Taxon 7 : 0
Real Taxon 8 : 0
Real Taxon 9 : 0
Real Taxon 10 : 0
Real Taxon 11 : 0
Real Taxon 12 : 0
Real Taxon 13 : 0
Real Taxon 14 : 1
Real Taxon 15 : 1
Real Taxon 16 : 1
Real Taxon 17 : 1
Real Taxon 18 : 1
Real Taxon 19 : 1
Real Taxon 20 : 1
Real Taxon 21 : 0
Real Taxon 22 : 0
Real Taxon 23 : 0
Real Taxon 24 : 0
Real Taxon 25 : 0
Level: 1
#iterations: 0
Level: 2
#iterations: 0
Level: 3
#iterations: 0
Level: 4
#iterations: 1
Level: 5
#iterations: 1
Level: 6
#iterations: 1
Level: 2
#iterations: 0
Level: 3
#iterations: 0
Level: 4
#iterations: 0
Level: 5
#iterations: 1
Level: 5
#iterations: 1
Level: 6
#iterations: 1
Level: 6
#iterations: 1
Level: 3
#iterations: 0
Level: 4
#iterations: 0
Level: 5
#iterations: 1
Level: 6
#iterations: 1
Level: 5
#iterations: 0
Level: 4
#iterations: 0
Level: 5
#iterations: 1
Level: 6
#iterations: 1
Level: 7
#iterations: 1
Level: 5
#iterations: 1

Elapsed Time taken = 16168 ms ==> 0 minutes and 16 seconds.
CPU time used: 0 minutes, 15 seconds
44
taxon count : 26
Gene trees count : 1000
Comp graph nodes count : 17304
Internal nodes count : 18503
Real Taxon 0 : 0
Real Taxon 1 : 0
Real Taxon 2 : 0
Real Taxon 3 : 0
Real Taxon 4 : 0
Real Taxon 5 : 0
Real Taxon 6 : 0
Real Taxon 7 : 0
Real Taxon 8 : 0
Real Taxon 9 : 0
Real Taxon 10 : 0
Real Taxon 11 : 0
Real Taxon 12 : 0
Real Taxon 13 : 0
Real Taxon 14 : 1
Real Taxon 15 : 1
Real Taxon 16 : 1
Real Taxon 17 : 1
Real Taxon 18 : 1
Real Taxon 19 : 1
Real Taxon 20 : 1
Real Taxon 21 : 1
Real Taxon 22 : 1
Real Taxon 23 : 1
Real Taxon 24 : 0
Real Taxon 25 : 0
Level: 1
#iterations: 0
Level: 2
#iterations: 0
Level: 3
#iterations: 1
Level: 3
#iterations: 0
Level: 4
#iterations: 1
Level: 4
#iterations: 0
Level: 5
#iterations: 1
Level: 5
#iterations: 0
Level: 6
#iterations: 1
Level: 2
#iterations: 0
Level: 3
#iterations: 0
Level: 4
#iterations: 1
Level: 4
#iterations: 1
Level: 5
#iterations: 1
Level: 3
#iterations: 0
Level: 4
#iterations: 1
Level: 4
#iterations: 0
Level: 5
#iterations: 0
Level: 6
#iterations: 1
Level: 7
#iterations: 1
Level: 8
#iterations: 1
Level: 9
#iterations: 1
Level: 10
#iterations: 1

Elapsed Time taken = 19042 ms ==> 0 minutes and 19 seconds.
CPU time used: 0 minutes, 18 seconds
45
taxon count : 26
Gene trees count : 1000
Comp graph nodes count : 26717
Internal nodes count : 20723
Real Taxon 0 : 1
Real Taxon 1 : 1
Real Taxon 2 : 1
Real Taxon 3 : 1
Real Taxon 4 : 0
Real Taxon 5 : 0
Real Taxon 6 : 0
Real Taxon 7 : 0
Real Taxon 8 : 0
Real Taxon 9 : 0
Real Taxon 10 : 0
Real Taxon 11 : 0
Real Taxon 12 : 1
Real Taxon 13 : 0
Real Taxon 14 : 1
Real Taxon 15 : 0
Real Taxon 16 : 0
Real Taxon 17 : 1
Real Taxon 18 : 0
Real Taxon 19 : 1
Real Taxon 20 : 0
Real Taxon 21 : 1
Real Taxon 22 : 0
Real Taxon 23 : 0
Real Taxon 24 : 0
Real Taxon 25 : 1
Level: 1
#iterations: 0
Level: 2
#iterations: 0
Level: 3
#iterations: 0
Level: 4
#iterations: 0
Level: 5
#iterations: 1
Level: 3
#iterations: 0
Level: 4
#iterations: 0
Level: 5
#iterations: 1
Level: 4
#iterations: 0
Level: 2
#iterations: 0
Level: 3
#iterations: 1
Level: 4
#iterations: 1
Level: 3
#iterations: 0
Level: 4
#iterations: 1
Level: 5
#iterations: 1
Level: 6
#iterations: 1
Level: 5
#iterations: 1
Level: 4
#iterations: 0
Level: 5
#iterations: 0
Level: 6
#iterations: 1
Level: 7
#iterations: 1
Level: 8
#iterations: 1
Level: 9
#iterations: 1

Elapsed Time taken = 23600 ms ==> 0 minutes and 23 seconds.
CPU time used: 0 minutes, 22 seconds
46
taxon count : 26
Gene trees count : 1000
Comp graph nodes count : 27659
Internal nodes count : 21269
Real Taxon 0 : 1
Real Taxon 1 : 0
Real Taxon 2 : 0
Real Taxon 3 : 0
Real Taxon 4 : 1
Real Taxon 5 : 0
Real Taxon 6 : 0
Real Taxon 7 : 1
Real Taxon 8 : 0
Real Taxon 9 : 1
Real Taxon 10 : 0
Real Taxon 11 : 0
Real Taxon 12 : 0
Real Taxon 13 : 1
Real Taxon 14 : 0
Real Taxon 15 : 1
Real Taxon 16 : 0
Real Taxon 17 : 0
Real Taxon 18 : 0
Real Taxon 19 : 0
Real Taxon 20 : 0
Real Taxon 21 : 1
Real Taxon 22 : 1
Real Taxon 23 : 1
Real Taxon 24 : 0
Real Taxon 25 : 1
Level: 1
#iterations: 0
Level: 2
#iterations: 1
Level: 3
#iterations: 1
Level: 4
#iterations: 1
Level: 5
#iterations: 2
Level: 6
#iterations: 1
Level: 7
#iterations: 1
Level: 8
#iterations: 1
Level: 9
#iterations: 1
Level: 2
#iterations: 0
Level: 3
#iterations: 1
Level: 3
#iterations: 0
Level: 4
#iterations: 1
Level: 4
#iterations: 2
Level: 5
#iterations: 1
Level: 6
#iterations: 1
Level: 7
#iterations: 1
Level: 8
#iterations: 1
Level: 9
#iterations: 1
Level: 10
#iterations: 1
Level: 11
#iterations: 1
Level: 12
#iterations: 1
Level: 13
#iterations: 1

Elapsed Time taken = 36313 ms ==> 0 minutes and 36 seconds.
CPU time used: 0 minutes, 35 seconds
47
taxon count : 26
Gene trees count : 1000
Comp graph nodes count : 21705
Internal nodes count : 18502
Real Taxon 0 : 0
Real Taxon 1 : 0
Real Taxon 2 : 0
Real Taxon 3 : 0
Real Taxon 4 : 1
Real Taxon 5 : 1
Real Taxon 6 : 1
Real Taxon 7 : 0
Real Taxon 8 : 0
Real Taxon 9 : 0
Real Taxon 10 : 1
Real Taxon 11 : 0
Real Taxon 12 : 1
Real Taxon 13 : 1
Real Taxon 14 : 0
Real Taxon 15 : 0
Real Taxon 16 : 1
Real Taxon 17 : 0
Real Taxon 18 : 1
Real Taxon 19 : 0
Real Taxon 20 : 1
Real Taxon 21 : 1
Real Taxon 22 : 1
Real Taxon 23 : 1
Real Taxon 24 : 1
Real Taxon 25 : 0
Level: 1
#iterations: 0
Level: 2
#iterations: 0
Level: 3
#iterations: 0
Level: 4
#iterations: 1
Level: 5
#iterations: 1
Level: 6
#iterations: 1
Level: 3
#iterations: 0
Level: 4
#iterations: 1
Level: 5
#iterations: 1
Level: 4
#iterations: 0
Level: 5
#iterations: 1
Level: 6
#iterations: 1
Level: 2
#iterations: 0
Level: 3
#iterations: 0
Level: 4
#iterations: 1
Level: 5
#iterations: 1
Level: 4
#iterations: 0
Level: 5
#iterations: 1
Level: 3
#iterations: 0
Level: 4
#iterations: 1
Level: 4
#iterations: 0
Level: 5
#iterations: 0
Level: 6
#iterations: 1

Elapsed Time taken = 18722 ms ==> 0 minutes and 18 seconds.
CPU time used: 0 minutes, 18 seconds
48
taxon count : 26
Gene trees count : 1000
Comp graph nodes count : 23587
Internal nodes count : 20952
Real Taxon 0 : 0
Real Taxon 1 : 0
Real Taxon 2 : 0
Real Taxon 3 : 0
Real Taxon 4 : 0
Real Taxon 5 : 0
Real Taxon 6 : 0
Real Taxon 7 : 0
Real Taxon 8 : 0
Real Taxon 9 : 0
Real Taxon 10 : 0
Real Taxon 11 : 0
Real Taxon 12 : 0
Real Taxon 13 : 0
Real Taxon 14 : 1
Real Taxon 15 : 1
Real Taxon 16 : 1
Real Taxon 17 : 1
Real Taxon 18 : 1
Real Taxon 19 : 1
Real Taxon 20 : 1
Real Taxon 21 : 1
Real Taxon 22 : 1
Real Taxon 23 : 1
Real Taxon 24 : 0
Real Taxon 25 : 0
Level: 1
#iterations: 0
Level: 2
#iterations: 0
Level: 3
#iterations: 0
Level: 4
#iterations: 0
Level: 5
#iterations: 1
Level: 4
#iterations: 0
Level: 3
#iterations: 0
Level: 4
#iterations: 0
Level: 4
#iterations: 0
Level: 2
#iterations: 0
Level: 3
#iterations: 0
Level: 4
#iterations: 1
Level: 5
#iterations: 1
Level: 3
#iterations: 0
Level: 4
#iterations: 1
Level: 5
#iterations: 1
Level: 6
#iterations: 1
Level: 7
#iterations: 2
Level: 8
#iterations: 1
Level: 9
#iterations: 1
Level: 10
#iterations: 1
Level: 11
#iterations: 1
Level: 12
#iterations: 1

Elapsed Time taken = 26628 ms ==> 0 minutes and 26 seconds.
CPU time used: 0 minutes, 25 seconds
49
taxon count : 26
Gene trees count : 1000
Comp graph nodes count : 32908
Internal nodes count : 22151
Real Taxon 0 : 0
Real Taxon 1 : 0
Real Taxon 2 : 0
Real Taxon 3 : 1
Real Taxon 4 : 0
Real Taxon 5 : 0
Real Taxon 6 : 1
Real Taxon 7 : 0
Real Taxon 8 : 0
Real Taxon 9 : 1
Real Taxon 10 : 1
Real Taxon 11 : 0
Real Taxon 12 : 0
Real Taxon 13 : 0
Real Taxon 14 : 0
Real Taxon 15 : 0
Real Taxon 16 : 0
Real Taxon 17 : 1
Real Taxon 18 : 0
Real Taxon 19 : 0
Real Taxon 20 : 1
Real Taxon 21 : 1
Real Taxon 22 : 0
Real Taxon 23 : 1
Real Taxon 24 : 1
Real Taxon 25 : 1
Level: 1
#iterations: 0
Level: 2
#iterations: 1
Level: 3
#iterations: 1
Level: 4
#iterations: 1
Level: 5
#iterations: 3
Level: 6
#iterations: 1
Level: 7
#iterations: 1
Level: 8
#iterations: 1
Level: 7
#iterations: 1
Level: 2
#iterations: 0
Level: 3
#iterations: 0
Level: 4
#iterations: 1
Level: 4
#iterations: 0
Level: 5
#iterations: 1
Level: 6
#iterations: 1
Level: 3
#iterations: 0
Level: 4
#iterations: 1
Level: 5
#iterations: 1
Level: 6
#iterations: 1
Level: 7
#iterations: 1
Level: 4
#iterations: 0
Level: 5
#iterations: 1
Level: 6
#iterations: 1

Elapsed Time taken = 30822 ms ==> 0 minutes and 30 seconds.
CPU time used: 0 minutes, 29 seconds
50
taxon count : 26
Gene trees count : 1000
Comp graph nodes count : 18701
Internal nodes count : 18531
Real Taxon 0 : 0
Real Taxon 1 : 0
Real Taxon 2 : 0
Real Taxon 3 : 0
Real Taxon 4 : 0
Real Taxon 5 : 0
Real Taxon 6 : 0
Real Taxon 7 : 0
Real Taxon 8 : 0
Real Taxon 9 : 0
Real Taxon 10 : 0
Real Taxon 11 : 0
Real Taxon 12 : 0
Real Taxon 13 : 0
Real Taxon 14 : 1
Real Taxon 15 : 1
Real Taxon 16 : 1
Real Taxon 17 : 1
Real Taxon 18 : 1
Real Taxon 19 : 1
Real Taxon 20 : 1
Real Taxon 21 : 1
Real Taxon 22 : 1
Real Taxon 23 : 0
Real Taxon 24 : 0
Real Taxon 25 : 0
Level: 1
#iterations: 0
Level: 2
#iterations: 0
Level: 3
#iterations: 1
Level: 4
#iterations: 1
Level: 4
#iterations: 1
Level: 3
#iterations: 0
Level: 4
#iterations: 0
Level: 5
#iterations: 1
Level: 2
#iterations: 0
Level: 3
#iterations: 0
Level: 4
#iterations: 1
Level: 5
#iterations: 1
Level: 4
#iterations: 0
Level: 5
#iterations: 1
Level: 5
#iterations: 0
Level: 6
#iterations: 1
Level: 6
#iterations: 1
Level: 7
#iterations: 1
Level: 8
#iterations: 1
Level: 3
#iterations: 0
Level: 4
#iterations: 1
Level: 5
#iterations: 1
Level: 6
#iterations: 1

Elapsed Time taken = 18180 ms ==> 0 minutes and 18 seconds.
CPU time used: 0 minutes, 17 seconds
