01
taxon count : 51
Gene trees count : 1000
total internal nodes : 49999
unique partitions : 4882
level : 1
#iterations: 0
level : 2
#iterations: 0
level : 3
#iterations: 0
level : 4
#iterations: 0
level : 5
#iterations: 1
level : 4
#iterations: 0
level : 5
#iterations: 0
level : 6
#iterations: 1
level : 5
#iterations: 0
level : 6
#iterations: 0
level : 3
#iterations: 0
level : 4
#iterations: 0
level : 5
#iterations: 0
level : 6
#iterations: 0
level : 6
#iterations: 0
level : 5
#iterations: 0
level : 6
#iterations: 0
level : 7
#iterations: 1
level : 4
#iterations: 0
level : 5
#iterations: 0
level : 6
#iterations: 0
level : 7
#iterations: 1
level : 5
#iterations: 0
level : 6
#iterations: 1
level : 7
#iterations: 1
level : 8
#iterations: 1
level : 2
#iterations: 0
level : 3
#iterations: 0
level : 4
#iterations: 0
level : 5
#iterations: 1
level : 5
#iterations: 0
level : 6
#iterations: 0
level : 7
#iterations: 1
level : 6
#iterations: 0
level : 4
#iterations: 0
level : 5
#iterations: 0
level : 6
#iterations: 0
level : 7
#iterations: 0
level : 5
#iterations: 0
level : 6
#iterations: 0
level : 3
#iterations: 0
level : 4
#iterations: 0
level : 5
#iterations: 1
level : 4
#iterations: 0
level : 5
#iterations: 0
level : 5
#iterations: 0
level : 6
#iterations: 0
level : 7
#iterations: 0

Time taken = 35692 ms ==> 0 minutes and 35 seconds.
02
taxon count : 51
Gene trees count : 1000
total internal nodes : 49993
unique partitions : 3816
level : 1
#iterations: 0
level : 2
#iterations: 0
level : 3
#iterations: 0
level : 4
#iterations: 0
level : 5
#iterations: 0
level : 6
#iterations: 0
level : 4
#iterations: 0
level : 5
#iterations: 0
level : 3
#iterations: 0
level : 4
#iterations: 0
level : 5
#iterations: 0
level : 6
#iterations: 1
level : 4
#iterations: 0
level : 5
#iterations: 0
level : 6
#iterations: 0
level : 5
#iterations: 0
level : 6
#iterations: 1
level : 2
#iterations: 0
level : 3
#iterations: 0
level : 4
#iterations: 0
level : 5
#iterations: 0
level : 6
#iterations: 0
level : 7
#iterations: 1
level : 7
#iterations: 1
level : 8
#iterations: 1
level : 5
#iterations: 0
level : 4
#iterations: 0
level : 5
#iterations: 0
level : 6
#iterations: 0
level : 6
#iterations: 0
level : 7
#iterations: 0
level : 5
#iterations: 0
level : 6
#iterations: 1
level : 7
#iterations: 1
level : 3
#iterations: 0
level : 4
#iterations: 0
level : 5
#iterations: 0
level : 6
#iterations: 1
level : 5
#iterations: 0
level : 6
#iterations: 0
level : 7
#iterations: 1
level : 4
#iterations: 0
level : 5
#iterations: 0
level : 6
#iterations: 0
level : 6
#iterations: 0
level : 5
#iterations: 0
level : 6
#iterations: 0
level : 6
#iterations: 0

Time taken = 31893 ms ==> 0 minutes and 31 seconds.
03
taxon count : 51
Gene trees count : 1000
total internal nodes : 48272
unique partitions : 11191
level : 1
#iterations: 0
level : 2
#iterations: 0
level : 3
#iterations: 0
level : 4
#iterations: 0
level : 5
#iterations: 1
level : 6
#iterations: 1
level : 5
#iterations: 0
level : 4
#iterations: 0
level : 5
#iterations: 0
level : 5
#iterations: 0
level : 6
#iterations: 1
level : 3
#iterations: 0
level : 4
#iterations: 0
level : 5
#iterations: 0
level : 5
#iterations: 0
level : 6
#iterations: 1
level : 4
#iterations: 0
level : 5
#iterations: 0
level : 6
#iterations: 0
level : 7
#iterations: 0
level : 6
#iterations: 1
level : 5
#iterations: 0
level : 6
#iterations: 0
level : 7
#iterations: 1
level : 6
#iterations: 0
level : 2
#iterations: 0
level : 3
#iterations: 0
level : 4
#iterations: 0
level : 5
#iterations: 0
level : 5
#iterations: 0
level : 6
#iterations: 1
level : 4
#iterations: 0
level : 5
#iterations: 0
level : 6
#iterations: 0
level : 5
#iterations: 0
level : 6
#iterations: 0
level : 6
#iterations: 1
level : 7
#iterations: 1
level : 3
#iterations: 0
level : 4
#iterations: 0
level : 5
#iterations: 1
level : 5
#iterations: 1
level : 4
#iterations: 0
level : 5
#iterations: 0
level : 6
#iterations: 1
level : 5
#iterations: 0
level : 6
#iterations: 1
level : 7
#iterations: 1

Time taken = 41051 ms ==> 0 minutes and 41 seconds.
04
taxon count : 51
Gene trees count : 1000
total internal nodes : 50000
unique partitions : 4075
No polytomy, skipping
05
taxon count : 51
Gene trees count : 1000
total internal nodes : 48843
unique partitions : 6576
level : 1
#iterations: 0
level : 2
#iterations: 0
level : 3
#iterations: 0
level : 4
#iterations: 0
level : 5
#iterations: 0
level : 4
#iterations: 0
level : 5
#iterations: 0
level : 6
#iterations: 0
level : 6
#iterations: 1
level : 5
#iterations: 0
level : 6
#iterations: 1
level : 3
#iterations: 0
level : 4
#iterations: 0
level : 5
#iterations: 0
level : 6
#iterations: 1
level : 5
#iterations: 0
level : 6
#iterations: 0
level : 4
#iterations: 0
level : 5
#iterations: 0
level : 6
#iterations: 1
level : 6
#iterations: 0
level : 7
#iterations: 0
level : 5
#iterations: 0
level : 6
#iterations: 0
level : 7
#iterations: 1
level : 6
#iterations: 0
level : 7
#iterations: 0
level : 8
#iterations: 1
level : 9
#iterations: 1
level : 10
#iterations: 1
level : 2
#iterations: 0
level : 3
#iterations: 0
level : 4
#iterations: 0
level : 5
#iterations: 0
level : 5
#iterations: 0
level : 4
#iterations: 0
level : 5
#iterations: 0
level : 6
#iterations: 0
level : 7
#iterations: 1
level : 3
#iterations: 0
level : 4
#iterations: 0
level : 5
#iterations: 0
level : 5
#iterations: 0
level : 6
#iterations: 1
level : 4
#iterations: 0
level : 5
#iterations: 0
level : 6
#iterations: 1
level : 5
#iterations: 0

Time taken = 41467 ms ==> 0 minutes and 41 seconds.
06
