1000gene-1000bp
R1
(0.0, 0.0, 0.0)
R10
(0.0, 0.0, 0.0)
R2
(0.0, 0.0, 0.0)
R3
(0.0, 0.0, 0.0)
R4
(0.0, 0.0, 0.0)
R5
(0.0, 0.0, 0.0)
R6
(0.0, 0.0, 0.0)
R7
(0.0, 0.0, 0.0)
R8
(0.0, 0.0, 0.0)
R9
(0.0, 0.0, 0.0)
1000gene-1000bp done
1000gene-100bp
R1
(0.0, 0.0, 0.0)
R10
(0.0, 0.0, 0.0)
R2
(0.0, 0.0, 0.0)
R3
(0.0, 0.0, 0.0)
R4
(0.0, 0.0, 0.0)
R5
(0.0, 0.0, 0.0)
R6
(0.0, 0.0, 0.0)
R7
(0.0, 0.0, 0.0)
R8
(0.0, 0.0, 0.0)
R9
(0.0, 0.0, 0.0)
1000gene-100bp done
1000gene-true
R1
(0.0, 0.0, 0.0)
R10
(0.0, 0.0, 0.0)
R2
(0.0, 0.0, 0.0)
R3
(0.0, 0.0, 0.0)
R4
(0.0, 0.0, 0.0)
R5
(0.0, 0.0, 0.0)
R6
(0.0, 0.0, 0.0)
R7
(0.0, 0.0, 0.0)
R8
(0.0, 0.0, 0.0)
R9
(0.0, 0.0, 0.0)
1000gene-true done
100gene-1000bp
R1
(0.0, 0.0, 0.0)
R10
(0.0, 0.0, 0.0)
R2
(0.0, 0.0, 0.0)
R3
(0.0, 0.0, 0.0)
R4
(0.0, 0.0, 0.0)
R5
(0.0, 0.0, 0.0)
R6
(0.0, 0.0, 0.0)
R7
(0.0, 0.0, 0.0)
R8
(0.0, 0.0, 0.0)
R9
(0.0, 0.0, 0.0)
100gene-1000bp done
100gene-100bp
R1
(0.0, 0.0, 0.0)
R10
(0.0, 0.0, 0.0)
R2
(0.0, 0.0, 0.0)
R3
(0.0, 0.0, 0.0)
R4
(0.0, 0.0, 0.0)
R5
(0.0, 0.0, 0.0)
R6
(0.0, 0.0, 0.0)
R7
(0.0, 0.0, 0.0)
R8
(0.0, 0.0, 0.0)
R9
(0.0, 0.0, 0.0)
100gene-100bp done
100gene-true
R1
(0.0, 0.0, 0.0)
R10
(0.0, 0.0, 0.0)
R2
(0.0, 0.0, 0.0)
R3
(0.0, 0.0, 0.0)
R4
(0.0, 0.0, 0.0)
R5
(0.0, 0.0, 0.0)
R6
(0.0, 0.0, 0.0)
R7
(0.0, 0.0, 0.0)
R8
(0.0, 0.0, 0.0)
R9
(0.0, 0.0, 0.0)
100gene-true done
